23:01:20.842 [main                     ] DEBUG Logger               - Configured Logger
23:01:20.857 [main                     ] DEBUG GameApplication      - Logging settings
Title: Basic Game App
Version: 0.1
Width: 1280
Height: 720
Fullscreen: false
Intro: false
Profiling: false
Single step:false
App Mode: DEVELOPER
Menu Key: ESCAPE
Stage Style: DECORATED
Scene Factory: class com.almasb.fxgl.app.scene.SceneFactory

23:01:21.471 [JavaFX Application Thread] DEBUG FXGLApplication      - Initializing FXGL
23:01:21.476 [JavaFX Application Thread] INFO  Engine               - FXGL-11.14 (01.03.2021 16.59) on WINDOWS (J:15.0.2 FX:15)
23:01:21.476 [JavaFX Application Thread] DEBUG Engine               - JRE Vendor Name: Oracle Corporation
23:01:21.477 [JavaFX Application Thread] DEBUG Engine               - Running on OS: Windows 10 version 10.0
23:01:21.477 [JavaFX Application Thread] DEBUG Engine               - Architecture: amd64
23:01:21.477 [JavaFX Application Thread] INFO  Engine               - Source code and latest versions at: https://github.com/AlmasB/FXGL
23:01:21.477 [JavaFX Application Thread] INFO  Engine               -              Join the FXGL chat at: https://gitter.im/AlmasB/FXGL
23:01:21.645 [JavaFX Application Thread] DEBUG PrimaryStageWindow   - Creating a JavaFX scene
23:01:21.714 [JavaFX Application Thread] DEBUG PrimaryStageWindow   - Target settings size: 1280.0 x 720.0
23:01:21.714 [JavaFX Application Thread] DEBUG PrimaryStageWindow   - Scaled scene size:    1280.0 x 720.0
23:01:21.714 [JavaFX Application Thread] DEBUG PrimaryStageWindow   - Scaled ratio: (1.0, 1.0)
23:01:21.716 [JavaFX Application Thread] DEBUG PrimaryStageWindow   - Set initial scene to FXGLStartupScene
23:01:21.723 [JavaFX Application Thread] DEBUG PrimaryStageWindow   - Opening main window
23:01:21.824 [JavaFX Application Thread] DEBUG PrimaryStageWindow   - Window border size: (16.0, 39.0)
23:01:21.824 [JavaFX Application Thread] DEBUG PrimaryStageWindow   - Scaled size: 1280.0 x 720.0
23:01:21.824 [JavaFX Application Thread] DEBUG PrimaryStageWindow   - Scaled ratio: (1.0, 1.0)
23:01:21.824 [JavaFX Application Thread] DEBUG PrimaryStageWindow   - Scene size: 1280.0 x 720.0
23:01:21.824 [JavaFX Application Thread] DEBUG PrimaryStageWindow   - Stage size: 1296.0 x 759.0
23:01:21.831 [FXGL Background Thread 1 ] DEBUG Engine               - Initializing environment variables
23:01:21.868 [FXGL Background Thread 1 ] DEBUG FXGLAssetLoaderServi - User app class for loading assets: class Game
23:01:21.868 [FXGL Background Thread 1 ] DEBUG GameApplicationServi - Applying CSS: fxgl_dark.css
23:01:21.869 [FXGL Background Thread 1 ] DEBUG FXGLAssetLoaderServi - Loading from file system: jar:file:/C:/Users/Dino/.m2/repository/com/github/almasb/fxgl/11.14/fxgl-11.14.jar!/fxglassets/ui/css/fxgl_dark.css
23:01:21.917 [FXGL Background Thread 1 ] DEBUG GameApplicationServi - Initializing application scenes
23:01:21.979 [FXGL Background Thread 1 ] DEBUG GameWorld            - Game world initialized
23:01:22.030 [FXGL Background Thread 1 ] DEBUG PhysicsWorld         - Physics world initialized: appHeight=720, physics.ppm=50,0
23:01:22.031 [FXGL Background Thread 1 ] DEBUG PhysicsWorld         - Using strategy: BRUTE_FORCE
23:01:22.033 [FXGL Background Thread 1 ] DEBUG GameScene            - Game scene initialized: 1280x720
23:01:22.069 [FXGL Background Thread 1 ] DEBUG FXGLAssetLoaderServi - Loading from file system: jar:file:/C:/Users/Dino/.m2/repository/com/github/almasb/fxgl/11.14/fxgl-11.14.jar!/fxglassets/textures/particles/trace_horizontal.png
23:01:22.119 [FXGL Background Thread 1 ] DEBUG FXGL.DefaultMenu     - createMenuBodyGameMenu()
23:01:22.134 [FXGL Background Thread 1 ] DEBUG FXGL.DefaultMenu     - createOptionsMenu()
23:01:22.139 [FXGL Background Thread 1 ] DEBUG FXGLAssetLoaderServi - Loading from file system: jar:file:/C:/Users/Dino/.m2/repository/com/github/almasb/fxgl/11.14/fxgl-11.14.jar!/fxglassets/textures/particles/smoke.png
23:01:22.188 [FXGL Background Thread 1 ] DEBUG GameApplicationServi - Application scenes initialized
23:01:22.207 [FXGL Background Thread 1 ] DEBUG SystemBundleService  - Loading FXGL system data
23:01:22.211 [FXGL Background Thread 1 ] DEBUG FileSystemAccess     - Reading from: C:\Users\Dino\OneDrive - Hogeschool Leiden\Sophia\system\fxgl.bundle
23:01:22.218 [FXGL Background Thread 1 ] DEBUG SystemBundleService  - Bundle FXGL: {}
23:01:22.218 [FXGL Background Thread 1 ] DEBUG UpdaterService       - Checking for updates
23:01:22.223 [FXGL Background Thread 1 ] DEBUG FXGLApplication      - Loading default localization
23:01:22.224 [FXGL Background Thread 1 ] DEBUG FXGLAssetLoaderServi - Loading from file system: jar:file:/C:/Users/Dino/.m2/repository/com/github/almasb/fxgl/11.14/fxgl-11.14.jar!/fxglassets/languages/english.lang
23:01:22.239 [FXGL Background Thread 1 ] INFO  FXGLApplication      - FXGL initialization took: 0,408 sec
23:01:22.251 [FXGL Background Thread 4 ] DEBUG FXGLApplication      - Loading fonts
23:01:22.252 [FXGL Background Thread 4 ] DEBUG FXGLAssetLoaderServi - Loading from file system: jar:file:/C:/Users/Dino/.m2/repository/com/github/almasb/fxgl/11.14/fxgl-11.14.jar!/fxglassets/ui/fonts/VarelaRound-Regular.ttf
23:01:22.253 [JavaFX Application Thread] DEBUG Input                - Registered new binding: action0 - D
23:01:22.258 [JavaFX Application Thread] DEBUG Input                - Registered new binding: action1 - A
23:01:22.259 [JavaFX Application Thread] DEBUG Input                - Registered new binding: action2 - W
23:01:22.259 [JavaFX Application Thread] DEBUG Input                - Registered new binding: action3 - S
23:01:22.260 [JavaFX Application Thread] DEBUG FXGLAssetLoaderServi - Loading from file system: jar:file:/C:/Users/Dino/.m2/repository/com/github/almasb/fxgl/11.14/fxgl-11.14.jar!/fxglassets/textures/fxgl_icon.png
23:01:22.281 [JavaFX Application Thread] DEBUG FXGLAssetLoaderServi - Loading from file system: jar:file:/C:/Users/Dino/.m2/repository/com/github/almasb/fxgl/11.14/fxgl-11.14.jar!/fxglassets/ui/cursors/fxgl_default.png
23:01:22.283 [JavaFX Application Thread] DEBUG Input                - Registered new binding: Screenshot - P
23:01:22.284 [JavaFX Application Thread] DEBUG Input                - Registered new binding: System info dump - CTRL+9
23:01:22.284 [JavaFX Application Thread] DEBUG Input                - Registered new binding: Restart - CTRL+R
23:01:22.285 [JavaFX Application Thread] DEBUG Input                - Registered new binding: Toggle Debug Camera - CTRL+C
23:01:22.289 [JavaFX Application Thread] DEBUG LoopRunner           - Starting loop
23:01:22.289 [JavaFX Application Thread] DEBUG LoopRunner           - Initializing JavaFX AnimationTimerLoop
23:01:22.294 [JavaFX Application Thread] DEBUG GameApplicationServi - Starting new game
23:01:22.299 [JavaFX Application Thread] DEBUG Input                - Clearing active input actions
23:01:22.311 [JavaFX Application Thread] DEBUG GameApplicationServi - Removing overlay from FXGLStartupScene and adding to FXGLLoadingScene
23:01:22.311 [JavaFX Application Thread] DEBUG PrimaryStageWindow   - FXGLStartupScene -> FXGLLoadingScene
23:01:22.311 [JavaFX Application Thread] DEBUG GameApplicationServi - Clearing previous game
23:01:22.312 [JavaFX Application Thread] DEBUG GameScene            - Clearing game scene
23:01:22.312 [JavaFX Application Thread] DEBUG GameWorld            - Clearing game world
23:01:22.312 [JavaFX Application Thread] DEBUG PhysicsWorld         - Clearing physics world
23:01:22.314 [FXGL Background Thread 1 ] DEBUG FXGLApplication      - Initializing game
23:01:22.321 [FXGL Background Thread 1 ] DEBUG FXGLAssetLoaderServi - Loading from file system: file:/C:/Users/Dino/OneDrive%20-%20Hogeschool%20Leiden/Sophia/target/classes/assets/textures/tree.png
23:01:22.337 [FXGL Background Thread 1 ] DEBUG FXGLAssetLoaderServi - Loading from file system: file:/C:/Users/Dino/OneDrive%20-%20Hogeschool%20Leiden/Sophia/target/classes/assets/textures/forest1.png
23:01:22.368 [FXGL Background Thread 1 ] DEBUG FXGLAssetLoaderServi - Loading from file system: file:/C:/Users/Dino/OneDrive%20-%20Hogeschool%20Leiden/Sophia/target/classes/assets/textures/forest.png
23:01:22.431 [FXGL Background Thread 1 ] DEBUG FXGLAssetLoaderServi - Loading from file system: file:/C:/Users/Dino/OneDrive%20-%20Hogeschool%20Leiden/Sophia/target/classes/assets/textures/grassfield.png
23:01:22.453 [FXGL Background Thread 1 ] INFO  FXGLApplication      - Game initialization took: 0,138 sec
23:01:22.477 [JavaFX Application Thread] DEBUG Input                - Clearing active input actions
23:01:22.483 [JavaFX Application Thread] DEBUG GameApplicationServi - Removing overlay from FXGLLoadingScene and adding to GameScene
23:01:22.484 [JavaFX Application Thread] DEBUG PrimaryStageWindow   - FXGLLoadingScene -> GameScene
23:01:22.600 [FXGL Background Thread 4 ] DEBUG FXGLAssetLoaderServi - Loading from file system: jar:file:/C:/Users/Dino/.m2/repository/com/github/almasb/fxgl/11.14/fxgl-11.14.jar!/fxglassets/ui/fonts/Abel-Regular.ttf
23:01:22.603 [FXGL Background Thread 4 ] DEBUG FXGLAssetLoaderServi - Loading from file system: jar:file:/C:/Users/Dino/.m2/repository/com/github/almasb/fxgl/11.14/fxgl-11.14.jar!/fxglassets/ui/fonts/lucida_console.ttf
23:01:22.609 [FXGL Background Thread 4 ] DEBUG FXGLAssetLoaderServi - Loading from file system: jar:file:/C:/Users/Dino/.m2/repository/com/github/almasb/fxgl/11.14/fxgl-11.14.jar!/fxglassets/ui/fonts/Courier-Prime.ttf
23:01:22.614 [JavaFX Application Thread] DEBUG FXGLApplication      - Registering font factories with UI factory
23:01:22.752 [FXGL Background Thread 2 ] INFO  UpdaterService       - Your current version:  11.14
23:01:22.752 [FXGL Background Thread 2 ] INFO  UpdaterService       - Latest stable version: 17.1
23:01:25.222 [FXGL Background Thread 3 ] DEBUG Engine               - Logging environment variables
23:01:25.223 [FXGL Background Thread 3 ] DEBUG Engine               - achievements: []
23:01:25.225 [FXGL Background Thread 3 ] DEBUG Engine               - actualHeight: 720.0
23:01:25.226 [FXGL Background Thread 3 ] DEBUG Engine               - actualHeightProperty: ReadOnlyDoubleProperty [value: 720.0]
23:01:25.226 [FXGL Background Thread 3 ] DEBUG Engine               - actualWidth: 1280.0
23:01:25.227 [FXGL Background Thread 3 ] DEBUG Engine               - actualWidthProperty: ReadOnlyDoubleProperty [value: 1280.0]
23:01:25.227 [FXGL Background Thread 3 ] DEBUG Engine               - appIcon: fxgl_icon.png
23:01:25.227 [FXGL Background Thread 3 ] DEBUG Engine               - applicationMode: DEVELOPER
23:01:25.227 [FXGL Background Thread 3 ] DEBUG Engine               - cSSList: [fxgl_dark.css]
23:01:25.228 [FXGL Background Thread 3 ] DEBUG Engine               - collisionDetectionStrategy: BRUTE_FORCE
23:01:25.228 [FXGL Background Thread 3 ] DEBUG Engine               - configClass: Optional.empty
23:01:25.228 [FXGL Background Thread 3 ] DEBUG Engine               - credits: []
23:01:25.229 [FXGL Background Thread 3 ] DEBUG Engine               - devBBoxColorProperty: ObjectProperty [value: 0xff0000ff]
23:01:25.229 [FXGL Background Thread 3 ] DEBUG Engine               - devEnableDebugCameraProperty: BooleanProperty [value: false]
23:01:25.230 [FXGL Background Thread 3 ] DEBUG Engine               - devSensorColorProperty: ObjectProperty [value: 0xffff00ff]
23:01:25.230 [FXGL Background Thread 3 ] DEBUG Engine               - devShowBBoxProperty: BooleanProperty [value: false]
23:01:25.230 [FXGL Background Thread 3 ] DEBUG Engine               - devShowPositionProperty: BooleanProperty [value: false]
23:01:25.230 [FXGL Background Thread 3 ] DEBUG Engine               - enabledMenuItems: []
23:01:25.230 [FXGL Background Thread 3 ] DEBUG Engine               - engineServices: [class com.almasb.fxgl.app.services.FXGLAssetLoaderService, class com.almasb.fxgl.app.FXGLApplication$GameApplicationService, class com.almasb.fxgl.app.services.FXGLDialogService, class com.almasb.fxgl.app.services.IOTaskExecutorService, class com.almasb.fxgl.event.EventBusService, class com.almasb.fxgl.io.FileSystemService, class com.almasb.fxgl.localization.LocalizationService, class com.almasb.fxgl.app.services.SystemBundleService, class com.almasb.fxgl.profile.SaveLoadService, class com.almasb.fxgl.ui.FXGLUIFactoryServiceProvider, class com.almasb.fxgl.ui.FXGLDialogFactoryServiceProvider, class com.almasb.fxgl.audio.AudioPlayer, class com.almasb.fxgl.notification.impl.NotificationServiceProvider, class com.almasb.fxgl.achievement.AchievementService, class com.almasb.fxgl.cutscene.CutsceneService, class com.almasb.fxgl.minigames.MiniGameService, class com.almasb.fxgl.net.NetService, class com.almasb.fxgl.app.services.UpdaterService, class com.almasb.fxgl.dev.DevService]
23:01:25.230 [FXGL Background Thread 3 ] DEBUG Engine               - fontGame: Abel-Regular.ttf
23:01:25.231 [FXGL Background Thread 3 ] DEBUG Engine               - fontMono: lucida_console.ttf
23:01:25.231 [FXGL Background Thread 3 ] DEBUG Engine               - fontText: Courier-Prime.ttf
23:01:25.231 [FXGL Background Thread 3 ] DEBUG Engine               - fontUI: VarelaRound-Regular.ttf
23:01:25.231 [FXGL Background Thread 3 ] DEBUG Engine               - fullScreen: BooleanProperty [value: false]
23:01:25.231 [FXGL Background Thread 3 ] DEBUG Engine               - gameDifficulty: MEDIUM
23:01:25.232 [FXGL Background Thread 3 ] DEBUG Engine               - gameDifficultyProperty: ObjectProperty [value: MEDIUM]
23:01:25.232 [FXGL Background Thread 3 ] DEBUG Engine               - globalMusicVolume: 0.5
23:01:25.232 [FXGL Background Thread 3 ] DEBUG Engine               - globalMusicVolumeProperty: DoubleProperty [value: 0.5]
23:01:25.232 [FXGL Background Thread 3 ] DEBUG Engine               - globalSoundVolume: 0.5
23:01:25.233 [FXGL Background Thread 3 ] DEBUG Engine               - globalSoundVolumeProperty: DoubleProperty [value: 0.5]
23:01:25.233 [FXGL Background Thread 3 ] DEBUG Engine               - height: 720
23:01:25.233 [FXGL Background Thread 3 ] DEBUG Engine               - isAndroid: false
23:01:25.233 [FXGL Background Thread 3 ] DEBUG Engine               - isBrowser: false
23:01:25.233 [FXGL Background Thread 3 ] DEBUG Engine               - isClickFeedbackEnabled: false
23:01:25.233 [FXGL Background Thread 3 ] DEBUG Engine               - isCloseConfirmation: false
23:01:25.234 [FXGL Background Thread 3 ] DEBUG Engine               - isDesktop: true
23:01:25.234 [FXGL Background Thread 3 ] DEBUG Engine               - isDeveloperMenuEnabled: false
23:01:25.234 [FXGL Background Thread 3 ] DEBUG Engine               - isEntityPreloadEnabled: true
23:01:25.234 [FXGL Background Thread 3 ] DEBUG Engine               - isExperimental3D: false
23:01:25.234 [FXGL Background Thread 3 ] DEBUG Engine               - isExperimentalNative: false
23:01:25.234 [FXGL Background Thread 3 ] DEBUG Engine               - isExperimentalTiledLargeMap: false
23:01:25.234 [FXGL Background Thread 3 ] DEBUG Engine               - isFileSystemWriteAllowed: true
23:01:25.235 [FXGL Background Thread 3 ] DEBUG Engine               - isFullScreenAllowed: false
23:01:25.235 [FXGL Background Thread 3 ] DEBUG Engine               - isFullScreenFromStart: false
23:01:25.235 [FXGL Background Thread 3 ] DEBUG Engine               - isGameMenuEnabled: true
23:01:25.235 [FXGL Background Thread 3 ] DEBUG Engine               - isIOS: false
23:01:25.235 [FXGL Background Thread 3 ] DEBUG Engine               - isIntroEnabled: false
23:01:25.235 [FXGL Background Thread 3 ] DEBUG Engine               - isLinux: false
23:01:25.235 [FXGL Background Thread 3 ] DEBUG Engine               - isMac: false
23:01:25.236 [FXGL Background Thread 3 ] DEBUG Engine               - isMainMenuEnabled: false
23:01:25.236 [FXGL Background Thread 3 ] DEBUG Engine               - isManualResizeEnabled: false
23:01:25.236 [FXGL Background Thread 3 ] DEBUG Engine               - isMobile: false
23:01:25.236 [FXGL Background Thread 3 ] DEBUG Engine               - isPreserveResizeRatio: false
23:01:25.236 [FXGL Background Thread 3 ] DEBUG Engine               - isProfilingEnabled: false
23:01:25.236 [FXGL Background Thread 3 ] DEBUG Engine               - isScaleAffectedOnResize: true
23:01:25.236 [FXGL Background Thread 3 ] DEBUG Engine               - isSingleStep: false
23:01:25.236 [FXGL Background Thread 3 ] DEBUG Engine               - isUserProfileEnabled: false
23:01:25.236 [FXGL Background Thread 3 ] DEBUG Engine               - isWindows: true
23:01:25.237 [FXGL Background Thread 3 ] DEBUG Engine               - language: ObjectProperty [value: ENGLISH]
23:01:25.237 [FXGL Background Thread 3 ] DEBUG Engine               - menuKey: ESCAPE
23:01:25.237 [FXGL Background Thread 3 ] DEBUG Engine               - notificationViewClass: class com.almasb.fxgl.notification.view.XboxNotificationView
23:01:25.238 [FXGL Background Thread 3 ] DEBUG Engine               - pixelsPerMeter: 50.0
23:01:25.238 [FXGL Background Thread 3 ] DEBUG Engine               - platform: WINDOWS
23:01:25.238 [FXGL Background Thread 3 ] DEBUG Engine               - prefHeightProperty: ReadOnlyDoubleProperty [value: 720.0]
23:01:25.238 [FXGL Background Thread 3 ] DEBUG Engine               - prefWidthProperty: ReadOnlyDoubleProperty [value: 1280.0]
23:01:25.238 [FXGL Background Thread 3 ] DEBUG Engine               - profileDir: profiles/
23:01:25.238 [FXGL Background Thread 3 ] DEBUG Engine               - profileName: StringProperty [value: DEFAULT]
23:01:25.238 [FXGL Background Thread 3 ] DEBUG Engine               - randomSeed: -1
23:01:25.238 [FXGL Background Thread 3 ] DEBUG Engine               - runtimeInfo: RuntimeInfo(platform=WINDOWS, version=11.14, build=01.03.2021 16.59)
23:01:25.238 [FXGL Background Thread 3 ] DEBUG Engine               - saveFileExt: sav
23:01:25.239 [FXGL Background Thread 3 ] DEBUG Engine               - scaledHeightProp$fxgl: DoubleProperty [bound, value: 720.0]
23:01:25.239 [FXGL Background Thread 3 ] DEBUG Engine               - scaledWidthProp$fxgl: DoubleProperty [bound, value: 1280.0]
23:01:25.239 [FXGL Background Thread 3 ] DEBUG Engine               - sceneFactory: com.almasb.fxgl.app.scene.SceneFactory@3b74c766
23:01:25.239 [FXGL Background Thread 3 ] DEBUG Engine               - secondsIn24h: 60
23:01:25.239 [FXGL Background Thread 3 ] DEBUG Engine               - soundMenuBack: menu/back.wav
23:01:25.239 [FXGL Background Thread 3 ] DEBUG Engine               - soundMenuPress: menu/press.wav
23:01:25.240 [FXGL Background Thread 3 ] DEBUG Engine               - soundMenuSelect: menu/select.wav
23:01:25.240 [FXGL Background Thread 3 ] DEBUG Engine               - soundNotification: core/notification.wav
23:01:25.240 [FXGL Background Thread 3 ] DEBUG Engine               - stageStyle: DECORATED
23:01:25.240 [FXGL Background Thread 3 ] DEBUG Engine               - supportedLanguages: [ENGLISH, FRENCH, GERMAN, HUNGARIAN, RUSSIAN]
23:01:25.240 [FXGL Background Thread 3 ] DEBUG Engine               - ticksPerSecond: -1
23:01:25.240 [FXGL Background Thread 3 ] DEBUG Engine               - title: Basic Game App
23:01:25.240 [FXGL Background Thread 3 ] DEBUG Engine               - urlGithub: https://github.com/AlmasB/FXGL
23:01:25.240 [FXGL Background Thread 3 ] DEBUG Engine               - urlLeaderboard: http://fxgl-top.herokuapp.com/
23:01:25.240 [FXGL Background Thread 3 ] DEBUG Engine               - urlPOM: https://raw.githubusercontent.com/AlmasB/FXGL/release/README.md
23:01:25.240 [FXGL Background Thread 3 ] DEBUG Engine               - userAppClass: class Game
23:01:25.241 [FXGL Background Thread 3 ] DEBUG Engine               - version: 0.1
23:01:25.241 [FXGL Background Thread 3 ] DEBUG Engine               - versionCheckDays: 7
23:01:25.241 [FXGL Background Thread 3 ] DEBUG Engine               - width: 1280
23:01:25.241 [FXGL Background Thread 3 ] DEBUG Engine               - Logging services
23:01:25.241 [FXGL Background Thread 3 ] DEBUG Engine               - class com.almasb.fxgl.app.services.FXGLAssetLoaderService
23:01:25.241 [FXGL Background Thread 3 ] DEBUG Engine               - class com.almasb.fxgl.app.FXGLApplication$GameApplicationService
23:01:25.241 [FXGL Background Thread 3 ] DEBUG Engine               - class com.almasb.fxgl.app.services.FXGLDialogService
23:01:25.242 [FXGL Background Thread 3 ] DEBUG Engine               - class com.almasb.fxgl.app.services.IOTaskExecutorService
23:01:25.242 [FXGL Background Thread 3 ] DEBUG Engine               - class com.almasb.fxgl.event.EventBusService
23:01:25.242 [FXGL Background Thread 3 ] DEBUG Engine               - class com.almasb.fxgl.io.FileSystemService
23:01:25.242 [FXGL Background Thread 3 ] DEBUG Engine               - class com.almasb.fxgl.localization.LocalizationService
23:01:25.242 [FXGL Background Thread 3 ] DEBUG Engine               - class com.almasb.fxgl.app.services.SystemBundleService
23:01:25.242 [FXGL Background Thread 3 ] DEBUG Engine               - class com.almasb.fxgl.profile.SaveLoadService
23:01:25.242 [FXGL Background Thread 3 ] DEBUG Engine               - class com.almasb.fxgl.ui.FXGLUIFactoryServiceProvider
23:01:25.242 [FXGL Background Thread 3 ] DEBUG Engine               - class com.almasb.fxgl.ui.FXGLDialogFactoryServiceProvider
23:01:25.242 [FXGL Background Thread 3 ] DEBUG Engine               - class com.almasb.fxgl.audio.AudioPlayer
23:01:25.242 [FXGL Background Thread 3 ] DEBUG Engine               - class com.almasb.fxgl.notification.impl.NotificationServiceProvider
23:01:25.242 [FXGL Background Thread 3 ] DEBUG Engine               - class com.almasb.fxgl.achievement.AchievementService
23:01:25.243 [FXGL Background Thread 3 ] DEBUG Engine               - class com.almasb.fxgl.cutscene.CutsceneService
23:01:25.243 [FXGL Background Thread 3 ] DEBUG Engine               - class com.almasb.fxgl.minigames.MiniGameService
23:01:25.243 [FXGL Background Thread 3 ] DEBUG Engine               - class com.almasb.fxgl.net.NetService
23:01:25.243 [FXGL Background Thread 3 ] DEBUG Engine               - class com.almasb.fxgl.app.services.UpdaterService
23:01:25.243 [FXGL Background Thread 3 ] DEBUG Engine               - class com.almasb.fxgl.dev.DevService
23:01:27.465 [JavaFX Application Thread] DEBUG FXGLApplication      - Exiting FXGL
23:01:27.465 [JavaFX Application Thread] DEBUG LoopRunner           - Stopping loop
23:01:27.465 [JavaFX Application Thread] DEBUG SystemBundleService  - Saving FXGL system data
23:01:27.467 [JavaFX Application Thread] DEBUG FileSystemAccess     - Writing to: C:\Users\Dino\OneDrive - Hogeschool Leiden\Sophia\system\fxgl.bundle
23:01:27.468 [JavaFX Application Thread] DEBUG Async                - Shutting down background threads
23:01:27.468 [JavaFX Application Thread] DEBUG PrimaryStageWindow   - Closing main window
23:01:27.478 [JavaFX Application Thread] DEBUG Logger               - Closing Logger
