21:59:02.454 [main                     ] DEBUG Logger               - Configured Logger
21:59:02.466 [main                     ] DEBUG GameApplication      - Logging settings
Title: Basic Game App
Version: 0.1
Width: 1280
Height: 720
Fullscreen: false
Intro: false
Profiling: false
Single step:false
App Mode: DEVELOPER
Menu Key: ESCAPE
Stage Style: DECORATED
Scene Factory: class com.almasb.fxgl.app.scene.SceneFactory

21:59:02.964 [JavaFX Application Thread] DEBUG FXGLApplication      - Initializing FXGL
21:59:02.966 [JavaFX Application Thread] INFO  Engine               - FXGL-11.14 (01.03.2021 16.59) on WINDOWS (J:15.0.2 FX:15)
21:59:02.966 [JavaFX Application Thread] DEBUG Engine               - JRE Vendor Name: Oracle Corporation
21:59:02.967 [JavaFX Application Thread] DEBUG Engine               - Running on OS: Windows 10 version 10.0
21:59:02.967 [JavaFX Application Thread] DEBUG Engine               - Architecture: amd64
21:59:02.967 [JavaFX Application Thread] INFO  Engine               - Source code and latest versions at: https://github.com/AlmasB/FXGL
21:59:02.967 [JavaFX Application Thread] INFO  Engine               -              Join the FXGL chat at: https://gitter.im/AlmasB/FXGL
21:59:03.079 [JavaFX Application Thread] DEBUG PrimaryStageWindow   - Creating a JavaFX scene
21:59:03.126 [JavaFX Application Thread] DEBUG PrimaryStageWindow   - Target settings size: 1280.0 x 720.0
21:59:03.126 [JavaFX Application Thread] DEBUG PrimaryStageWindow   - Scaled scene size:    1280.0 x 720.0
21:59:03.126 [JavaFX Application Thread] DEBUG PrimaryStageWindow   - Scaled ratio: (1.0, 1.0)
21:59:03.127 [JavaFX Application Thread] DEBUG PrimaryStageWindow   - Set initial scene to FXGLStartupScene
21:59:03.133 [JavaFX Application Thread] DEBUG PrimaryStageWindow   - Opening main window
21:59:03.220 [JavaFX Application Thread] DEBUG PrimaryStageWindow   - Window border size: (16.0, 39.0)
21:59:03.220 [JavaFX Application Thread] DEBUG PrimaryStageWindow   - Scaled size: 1280.0 x 720.0
21:59:03.220 [JavaFX Application Thread] DEBUG PrimaryStageWindow   - Scaled ratio: (1.0, 1.0)
21:59:03.220 [JavaFX Application Thread] DEBUG PrimaryStageWindow   - Scene size: 1280.0 x 720.0
21:59:03.220 [JavaFX Application Thread] DEBUG PrimaryStageWindow   - Stage size: 1296.0 x 759.0
21:59:03.227 [FXGL Background Thread 1 ] DEBUG Engine               - Initializing environment variables
21:59:03.254 [FXGL Background Thread 1 ] DEBUG FXGLAssetLoaderServi - User app class for loading assets: class Game
21:59:03.255 [FXGL Background Thread 1 ] DEBUG GameApplicationServi - Applying CSS: fxgl_dark.css
21:59:03.255 [FXGL Background Thread 1 ] DEBUG FXGLAssetLoaderServi - Loading from file system: jar:file:/C:/Users/Dino/.m2/repository/com/github/almasb/fxgl/11.14/fxgl-11.14.jar!/fxglassets/ui/css/fxgl_dark.css
21:59:03.293 [FXGL Background Thread 1 ] DEBUG GameApplicationServi - Initializing application scenes
21:59:03.325 [FXGL Background Thread 1 ] DEBUG GameWorld            - Game world initialized
21:59:03.373 [FXGL Background Thread 1 ] DEBUG PhysicsWorld         - Physics world initialized: appHeight=720, physics.ppm=50,0
21:59:03.374 [FXGL Background Thread 1 ] DEBUG PhysicsWorld         - Using strategy: BRUTE_FORCE
21:59:03.376 [FXGL Background Thread 1 ] DEBUG GameScene            - Game scene initialized: 1280x720
21:59:03.402 [FXGL Background Thread 1 ] DEBUG FXGLAssetLoaderServi - Loading from file system: jar:file:/C:/Users/Dino/.m2/repository/com/github/almasb/fxgl/11.14/fxgl-11.14.jar!/fxglassets/textures/particles/trace_horizontal.png
21:59:03.445 [FXGL Background Thread 1 ] DEBUG FXGL.DefaultMenu     - createMenuBodyGameMenu()
21:59:03.456 [FXGL Background Thread 1 ] DEBUG FXGL.DefaultMenu     - createOptionsMenu()
21:59:03.461 [FXGL Background Thread 1 ] DEBUG FXGLAssetLoaderServi - Loading from file system: jar:file:/C:/Users/Dino/.m2/repository/com/github/almasb/fxgl/11.14/fxgl-11.14.jar!/fxglassets/textures/particles/smoke.png
21:59:03.512 [FXGL Background Thread 1 ] DEBUG GameApplicationServi - Application scenes initialized
21:59:03.521 [FXGL Background Thread 1 ] DEBUG SystemBundleService  - Loading FXGL system data
21:59:03.526 [FXGL Background Thread 1 ] DEBUG FileSystemAccess     - Reading from: E:\java\Sophia\system\fxgl.bundle
21:59:03.531 [FXGL Background Thread 1 ] DEBUG SystemBundleService  - Bundle FXGL: {}
21:59:03.531 [FXGL Background Thread 1 ] DEBUG UpdaterService       - Checking for updates
21:59:03.535 [FXGL Background Thread 1 ] DEBUG FXGLApplication      - Loading default localization
21:59:03.535 [FXGL Background Thread 1 ] DEBUG FXGLAssetLoaderServi - Loading from file system: jar:file:/C:/Users/Dino/.m2/repository/com/github/almasb/fxgl/11.14/fxgl-11.14.jar!/fxglassets/languages/english.lang
21:59:03.535 [FXGL Background Thread 4 ] DEBUG FXGLApplication      - Loading fonts
21:59:03.536 [FXGL Background Thread 4 ] DEBUG FXGLAssetLoaderServi - Loading from file system: jar:file:/C:/Users/Dino/.m2/repository/com/github/almasb/fxgl/11.14/fxgl-11.14.jar!/fxglassets/ui/fonts/VarelaRound-Regular.ttf
21:59:03.552 [FXGL Background Thread 1 ] INFO  FXGLApplication      - FXGL initialization took: 0,325 sec
21:59:03.559 [JavaFX Application Thread] DEBUG LoopRunner           - Stopping loop
21:59:03.559 [JavaFX Application Thread] DEBUG LoopRunner           - Initializing JavaFX AnimationTimerLoop
21:59:03.561 [JavaFX Application Thread] FATAL FXGLApplication      - Uncaught Exception:
java.lang.NullPointerException: Cannot invoke "com.almasb.fxgl.entity.Entity.getWidth()" because "ding" is null
	at Game.initInput(Game.java:65)
	at com.almasb.fxgl.app.FXGLApplication$GameApplicationService.onMainLoopStarting(FXGLApplication.kt:547)
	at com.almasb.fxgl.app.Engine.startLoop(Engine.kt:149)
	at com.almasb.fxgl.app.FXGLApplication$start$task$2.accept(FXGLApplication.kt:178)
	at com.almasb.fxgl.app.FXGLApplication$start$task$2.accept(FXGLApplication.kt:69)
	at com.almasb.fxgl.core.concurrent.IOTask.succeed(IOTask.java:123)
	at com.almasb.fxgl.core.concurrent.IOTask$1.succeeded(IOTask.java:112)
	at javafx.concurrent.Task.setState(Task.java:726)
	at javafx.concurrent.Task$TaskCallable.lambda$call$1(Task.java:1436)
	at com.sun.javafx.application.PlatformImpl.lambda$runLater$10(PlatformImpl.java:428)
	at java.base/java.security.AccessController.doPrivileged(AccessController.java:391)
	at com.sun.javafx.application.PlatformImpl.lambda$runLater$11(PlatformImpl.java:427)
	at com.sun.glass.ui.InvokeLaterDispatcher$Future.run(InvokeLaterDispatcher.java:96)
	at com.sun.glass.ui.win.WinApplication._runLoop(Native Method)
	at com.sun.glass.ui.win.WinApplication.lambda$runLoop$3(WinApplication.java:174)
	at java.base/java.lang.Thread.run(Thread.java:832)

21:59:03.561 [JavaFX Application Thread] FATAL FXGLApplication      - Application will now exit
21:59:03.577 [JavaFX Application Thread] DEBUG PrimaryStageWindow   - Push state: ErrorSubScene
21:59:03.577 [JavaFX Application Thread] DEBUG Input                - Clearing active input actions
21:59:03.583 [JavaFX Application Thread] DEBUG GameApplicationServi - Removing overlay from FXGLStartupScene and adding to ErrorSubScene
21:59:03.584 [JavaFX Application Thread] DEBUG PrimaryStageWindow   - FXGLStartupScene -> ErrorSubScene
21:59:03.738 [FXGL Background Thread 4 ] DEBUG FXGLAssetLoaderServi - Loading from file system: jar:file:/C:/Users/Dino/.m2/repository/com/github/almasb/fxgl/11.14/fxgl-11.14.jar!/fxglassets/ui/fonts/Abel-Regular.ttf
21:59:03.742 [FXGL Background Thread 4 ] DEBUG FXGLAssetLoaderServi - Loading from file system: jar:file:/C:/Users/Dino/.m2/repository/com/github/almasb/fxgl/11.14/fxgl-11.14.jar!/fxglassets/ui/fonts/lucida_console.ttf
21:59:03.747 [FXGL Background Thread 4 ] DEBUG FXGLAssetLoaderServi - Loading from file system: jar:file:/C:/Users/Dino/.m2/repository/com/github/almasb/fxgl/11.14/fxgl-11.14.jar!/fxglassets/ui/fonts/Courier-Prime.ttf
21:59:03.777 [JavaFX Application Thread] DEBUG FXGLApplication      - Registering font factories with UI factory
21:59:03.923 [FXGL Background Thread 2 ] INFO  UpdaterService       - Your current version:  11.14
21:59:03.924 [FXGL Background Thread 2 ] INFO  UpdaterService       - Latest stable version: 17.1
21:59:06.535 [FXGL Background Thread 3 ] DEBUG Engine               - Logging environment variables
21:59:06.535 [FXGL Background Thread 3 ] DEBUG Engine               - achievements: []
21:59:06.535 [FXGL Background Thread 3 ] DEBUG Engine               - actualHeight: 720.0
21:59:06.536 [FXGL Background Thread 3 ] DEBUG Engine               - actualHeightProperty: ReadOnlyDoubleProperty [value: 720.0]
21:59:06.536 [FXGL Background Thread 3 ] DEBUG Engine               - actualWidth: 1280.0
21:59:06.536 [FXGL Background Thread 3 ] DEBUG Engine               - actualWidthProperty: ReadOnlyDoubleProperty [value: 1280.0]
21:59:06.536 [FXGL Background Thread 3 ] DEBUG Engine               - appIcon: fxgl_icon.png
21:59:06.536 [FXGL Background Thread 3 ] DEBUG Engine               - applicationMode: DEVELOPER
21:59:06.536 [FXGL Background Thread 3 ] DEBUG Engine               - cSSList: [fxgl_dark.css]
21:59:06.536 [FXGL Background Thread 3 ] DEBUG Engine               - collisionDetectionStrategy: BRUTE_FORCE
21:59:06.536 [FXGL Background Thread 3 ] DEBUG Engine               - configClass: Optional.empty
21:59:06.537 [FXGL Background Thread 3 ] DEBUG Engine               - credits: []
21:59:06.537 [FXGL Background Thread 3 ] DEBUG Engine               - devBBoxColorProperty: ObjectProperty [value: 0xff0000ff]
21:59:06.537 [FXGL Background Thread 3 ] DEBUG Engine               - devEnableDebugCameraProperty: BooleanProperty [value: false]
21:59:06.538 [FXGL Background Thread 3 ] DEBUG Engine               - devSensorColorProperty: ObjectProperty [value: 0xffff00ff]
21:59:06.538 [FXGL Background Thread 3 ] DEBUG Engine               - devShowBBoxProperty: BooleanProperty [value: false]
21:59:06.538 [FXGL Background Thread 3 ] DEBUG Engine               - devShowPositionProperty: BooleanProperty [value: false]
21:59:06.538 [FXGL Background Thread 3 ] DEBUG Engine               - enabledMenuItems: []
21:59:06.538 [FXGL Background Thread 3 ] DEBUG Engine               - engineServices: [class com.almasb.fxgl.app.services.FXGLAssetLoaderService, class com.almasb.fxgl.app.FXGLApplication$GameApplicationService, class com.almasb.fxgl.app.services.FXGLDialogService, class com.almasb.fxgl.app.services.IOTaskExecutorService, class com.almasb.fxgl.event.EventBusService, class com.almasb.fxgl.io.FileSystemService, class com.almasb.fxgl.localization.LocalizationService, class com.almasb.fxgl.app.services.SystemBundleService, class com.almasb.fxgl.profile.SaveLoadService, class com.almasb.fxgl.ui.FXGLUIFactoryServiceProvider, class com.almasb.fxgl.ui.FXGLDialogFactoryServiceProvider, class com.almasb.fxgl.audio.AudioPlayer, class com.almasb.fxgl.notification.impl.NotificationServiceProvider, class com.almasb.fxgl.achievement.AchievementService, class com.almasb.fxgl.cutscene.CutsceneService, class com.almasb.fxgl.minigames.MiniGameService, class com.almasb.fxgl.net.NetService, class com.almasb.fxgl.app.services.UpdaterService, class com.almasb.fxgl.dev.DevService]
21:59:06.538 [FXGL Background Thread 3 ] DEBUG Engine               - fontGame: Abel-Regular.ttf
21:59:06.538 [FXGL Background Thread 3 ] DEBUG Engine               - fontMono: lucida_console.ttf
21:59:06.539 [FXGL Background Thread 3 ] DEBUG Engine               - fontText: Courier-Prime.ttf
21:59:06.539 [FXGL Background Thread 3 ] DEBUG Engine               - fontUI: VarelaRound-Regular.ttf
21:59:06.539 [FXGL Background Thread 3 ] DEBUG Engine               - fullScreen: BooleanProperty [value: false]
21:59:06.539 [FXGL Background Thread 3 ] DEBUG Engine               - gameDifficulty: MEDIUM
21:59:06.539 [FXGL Background Thread 3 ] DEBUG Engine               - gameDifficultyProperty: ObjectProperty [value: MEDIUM]
21:59:06.539 [FXGL Background Thread 3 ] DEBUG Engine               - globalMusicVolume: 0.5
21:59:06.540 [FXGL Background Thread 3 ] DEBUG Engine               - globalMusicVolumeProperty: DoubleProperty [value: 0.5]
21:59:06.540 [FXGL Background Thread 3 ] DEBUG Engine               - globalSoundVolume: 0.5
21:59:06.540 [FXGL Background Thread 3 ] DEBUG Engine               - globalSoundVolumeProperty: DoubleProperty [value: 0.5]
21:59:06.540 [FXGL Background Thread 3 ] DEBUG Engine               - height: 720
21:59:06.540 [FXGL Background Thread 3 ] DEBUG Engine               - isAndroid: false
21:59:06.541 [FXGL Background Thread 3 ] DEBUG Engine               - isBrowser: false
21:59:06.541 [FXGL Background Thread 3 ] DEBUG Engine               - isClickFeedbackEnabled: false
21:59:06.541 [FXGL Background Thread 3 ] DEBUG Engine               - isCloseConfirmation: false
21:59:06.541 [FXGL Background Thread 3 ] DEBUG Engine               - isDesktop: true
21:59:06.541 [FXGL Background Thread 3 ] DEBUG Engine               - isDeveloperMenuEnabled: false
21:59:06.541 [FXGL Background Thread 3 ] DEBUG Engine               - isEntityPreloadEnabled: true
21:59:06.541 [FXGL Background Thread 3 ] DEBUG Engine               - isExperimental3D: false
21:59:06.541 [FXGL Background Thread 3 ] DEBUG Engine               - isExperimentalNative: false
21:59:06.542 [FXGL Background Thread 3 ] DEBUG Engine               - isExperimentalTiledLargeMap: false
21:59:06.542 [FXGL Background Thread 3 ] DEBUG Engine               - isFileSystemWriteAllowed: true
21:59:06.542 [FXGL Background Thread 3 ] DEBUG Engine               - isFullScreenAllowed: false
21:59:06.542 [FXGL Background Thread 3 ] DEBUG Engine               - isFullScreenFromStart: false
21:59:06.542 [FXGL Background Thread 3 ] DEBUG Engine               - isGameMenuEnabled: true
21:59:06.543 [FXGL Background Thread 3 ] DEBUG Engine               - isIOS: false
21:59:06.543 [FXGL Background Thread 3 ] DEBUG Engine               - isIntroEnabled: false
21:59:06.543 [FXGL Background Thread 3 ] DEBUG Engine               - isLinux: false
21:59:06.543 [FXGL Background Thread 3 ] DEBUG Engine               - isMac: false
21:59:06.543 [FXGL Background Thread 3 ] DEBUG Engine               - isMainMenuEnabled: false
21:59:06.543 [FXGL Background Thread 3 ] DEBUG Engine               - isManualResizeEnabled: false
21:59:06.543 [FXGL Background Thread 3 ] DEBUG Engine               - isMobile: false
21:59:06.543 [FXGL Background Thread 3 ] DEBUG Engine               - isPreserveResizeRatio: false
21:59:06.544 [FXGL Background Thread 3 ] DEBUG Engine               - isProfilingEnabled: false
21:59:06.544 [FXGL Background Thread 3 ] DEBUG Engine               - isScaleAffectedOnResize: true
21:59:06.544 [FXGL Background Thread 3 ] DEBUG Engine               - isSingleStep: false
21:59:06.544 [FXGL Background Thread 3 ] DEBUG Engine               - isUserProfileEnabled: false
21:59:06.544 [FXGL Background Thread 3 ] DEBUG Engine               - isWindows: true
21:59:06.544 [FXGL Background Thread 3 ] DEBUG Engine               - language: ObjectProperty [value: ENGLISH]
21:59:06.545 [FXGL Background Thread 3 ] DEBUG Engine               - menuKey: ESCAPE
21:59:06.545 [FXGL Background Thread 3 ] DEBUG Engine               - notificationViewClass: class com.almasb.fxgl.notification.view.XboxNotificationView
21:59:06.545 [FXGL Background Thread 3 ] DEBUG Engine               - pixelsPerMeter: 50.0
21:59:06.545 [FXGL Background Thread 3 ] DEBUG Engine               - platform: WINDOWS
21:59:06.545 [FXGL Background Thread 3 ] DEBUG Engine               - prefHeightProperty: ReadOnlyDoubleProperty [value: 720.0]
21:59:06.545 [FXGL Background Thread 3 ] DEBUG Engine               - prefWidthProperty: ReadOnlyDoubleProperty [value: 1280.0]
21:59:06.545 [FXGL Background Thread 3 ] DEBUG Engine               - profileDir: profiles/
21:59:06.545 [FXGL Background Thread 3 ] DEBUG Engine               - profileName: StringProperty [value: DEFAULT]
21:59:06.546 [FXGL Background Thread 3 ] DEBUG Engine               - randomSeed: -1
21:59:06.546 [FXGL Background Thread 3 ] DEBUG Engine               - runtimeInfo: RuntimeInfo(platform=WINDOWS, version=11.14, build=01.03.2021 16.59)
21:59:06.546 [FXGL Background Thread 3 ] DEBUG Engine               - saveFileExt: sav
21:59:06.546 [FXGL Background Thread 3 ] DEBUG Engine               - scaledHeightProp$fxgl: DoubleProperty [bound, value: 720.0]
21:59:06.546 [FXGL Background Thread 3 ] DEBUG Engine               - scaledWidthProp$fxgl: DoubleProperty [bound, value: 1280.0]
21:59:06.546 [FXGL Background Thread 3 ] DEBUG Engine               - sceneFactory: com.almasb.fxgl.app.scene.SceneFactory@3b82e8b0
21:59:06.546 [FXGL Background Thread 3 ] DEBUG Engine               - secondsIn24h: 60
21:59:06.547 [FXGL Background Thread 3 ] DEBUG Engine               - soundMenuBack: menu/back.wav
21:59:06.547 [FXGL Background Thread 3 ] DEBUG Engine               - soundMenuPress: menu/press.wav
21:59:06.547 [FXGL Background Thread 3 ] DEBUG Engine               - soundMenuSelect: menu/select.wav
21:59:06.547 [FXGL Background Thread 3 ] DEBUG Engine               - soundNotification: core/notification.wav
21:59:06.547 [FXGL Background Thread 3 ] DEBUG Engine               - stageStyle: DECORATED
21:59:06.547 [FXGL Background Thread 3 ] DEBUG Engine               - supportedLanguages: [ENGLISH, FRENCH, GERMAN, HUNGARIAN, RUSSIAN]
21:59:06.547 [FXGL Background Thread 3 ] DEBUG Engine               - ticksPerSecond: -1
21:59:06.548 [FXGL Background Thread 3 ] DEBUG Engine               - title: Basic Game App
21:59:06.548 [FXGL Background Thread 3 ] DEBUG Engine               - urlGithub: https://github.com/AlmasB/FXGL
21:59:06.548 [FXGL Background Thread 3 ] DEBUG Engine               - urlLeaderboard: http://fxgl-top.herokuapp.com/
21:59:06.548 [FXGL Background Thread 3 ] DEBUG Engine               - urlPOM: https://raw.githubusercontent.com/AlmasB/FXGL/release/README.md
21:59:06.548 [FXGL Background Thread 3 ] DEBUG Engine               - userAppClass: class Game
21:59:06.548 [FXGL Background Thread 3 ] DEBUG Engine               - version: 0.1
21:59:06.548 [FXGL Background Thread 3 ] DEBUG Engine               - versionCheckDays: 7
21:59:06.548 [FXGL Background Thread 3 ] DEBUG Engine               - width: 1280
21:59:06.548 [FXGL Background Thread 3 ] DEBUG Engine               - Logging services
21:59:06.549 [FXGL Background Thread 3 ] DEBUG Engine               - class com.almasb.fxgl.app.services.FXGLAssetLoaderService
21:59:06.549 [FXGL Background Thread 3 ] DEBUG Engine               - class com.almasb.fxgl.app.FXGLApplication$GameApplicationService
21:59:06.549 [FXGL Background Thread 3 ] DEBUG Engine               - class com.almasb.fxgl.app.services.FXGLDialogService
21:59:06.549 [FXGL Background Thread 3 ] DEBUG Engine               - class com.almasb.fxgl.app.services.IOTaskExecutorService
21:59:06.549 [FXGL Background Thread 3 ] DEBUG Engine               - class com.almasb.fxgl.event.EventBusService
21:59:06.549 [FXGL Background Thread 3 ] DEBUG Engine               - class com.almasb.fxgl.io.FileSystemService
21:59:06.549 [FXGL Background Thread 3 ] DEBUG Engine               - class com.almasb.fxgl.localization.LocalizationService
21:59:06.549 [FXGL Background Thread 3 ] DEBUG Engine               - class com.almasb.fxgl.app.services.SystemBundleService
21:59:06.550 [FXGL Background Thread 3 ] DEBUG Engine               - class com.almasb.fxgl.profile.SaveLoadService
21:59:06.550 [FXGL Background Thread 3 ] DEBUG Engine               - class com.almasb.fxgl.ui.FXGLUIFactoryServiceProvider
21:59:06.550 [FXGL Background Thread 3 ] DEBUG Engine               - class com.almasb.fxgl.ui.FXGLDialogFactoryServiceProvider
21:59:06.550 [FXGL Background Thread 3 ] DEBUG Engine               - class com.almasb.fxgl.audio.AudioPlayer
21:59:06.550 [FXGL Background Thread 3 ] DEBUG Engine               - class com.almasb.fxgl.notification.impl.NotificationServiceProvider
21:59:06.550 [FXGL Background Thread 3 ] DEBUG Engine               - class com.almasb.fxgl.achievement.AchievementService
21:59:06.550 [FXGL Background Thread 3 ] DEBUG Engine               - class com.almasb.fxgl.cutscene.CutsceneService
21:59:06.550 [FXGL Background Thread 3 ] DEBUG Engine               - class com.almasb.fxgl.minigames.MiniGameService
21:59:06.551 [FXGL Background Thread 3 ] DEBUG Engine               - class com.almasb.fxgl.net.NetService
21:59:06.551 [FXGL Background Thread 3 ] DEBUG Engine               - class com.almasb.fxgl.app.services.UpdaterService
21:59:06.551 [FXGL Background Thread 3 ] DEBUG Engine               - class com.almasb.fxgl.dev.DevService
21:59:08.318 [JavaFX Application Thread] DEBUG FXGLApplication      - Exiting FXGL
21:59:08.318 [JavaFX Application Thread] DEBUG Async                - Shutting down background threads
21:59:08.318 [JavaFX Application Thread] DEBUG PrimaryStageWindow   - Closing main window
21:59:08.327 [JavaFX Application Thread] DEBUG Logger               - Closing Logger
