09:30:06.171 [main                     ] DEBUG Logger               - Configured Logger
09:30:06.208 [main                     ] DEBUG GameApplication      - Logging settings
Title: Basic Game App
Version: 0.1
Width: 1280
Height: 720
Fullscreen: false
Intro: false
Profiling: false
Single step:false
App Mode: DEVELOPER
Menu Key: ESCAPE
Stage Style: DECORATED
Scene Factory: class com.almasb.fxgl.app.scene.SceneFactory

09:30:06.661 [JavaFX Application Thread] DEBUG FXGLApplication      - Initializing FXGL
09:30:06.664 [JavaFX Application Thread] INFO  Engine               - FXGL-11.14 (01.03.2021 16.59) on MAC (J:15.0.2 FX:15)
09:30:06.665 [JavaFX Application Thread] DEBUG Engine               - JRE Vendor Name: Oracle Corporation
09:30:06.665 [JavaFX Application Thread] DEBUG Engine               - Running on OS: Mac OS X version 10.16
09:30:06.665 [JavaFX Application Thread] DEBUG Engine               - Architecture: x86_64
09:30:06.666 [JavaFX Application Thread] INFO  Engine               - Source code and latest versions at: https://github.com/AlmasB/FXGL
09:30:06.666 [JavaFX Application Thread] INFO  Engine               -              Join the FXGL chat at: https://gitter.im/AlmasB/FXGL
09:30:06.874 [JavaFX Application Thread] DEBUG PrimaryStageWindow   - Creating a JavaFX scene
09:30:07.015 [JavaFX Application Thread] DEBUG PrimaryStageWindow   - Target settings size: 1280.0 x 720.0
09:30:07.015 [JavaFX Application Thread] DEBUG PrimaryStageWindow   - Scaled scene size:    1280.0 x 720.0
09:30:07.015 [JavaFX Application Thread] DEBUG PrimaryStageWindow   - Scaled ratio: (1.0, 1.0)
09:30:07.017 [JavaFX Application Thread] DEBUG PrimaryStageWindow   - Set initial scene to FXGLStartupScene
09:30:07.034 [JavaFX Application Thread] DEBUG PrimaryStageWindow   - Opening main window
09:30:07.219 [JavaFX Application Thread] DEBUG PrimaryStageWindow   - Window border size: (0.0, 28.0)
09:30:07.219 [JavaFX Application Thread] DEBUG PrimaryStageWindow   - Scaled size: 1280.0 x 720.0
09:30:07.220 [JavaFX Application Thread] DEBUG PrimaryStageWindow   - Scaled ratio: (1.0, 1.0)
09:30:07.220 [JavaFX Application Thread] DEBUG PrimaryStageWindow   - Scene size: 1280.0 x 720.0
09:30:07.220 [JavaFX Application Thread] DEBUG PrimaryStageWindow   - Stage size: 1280.0 x 748.0
09:30:07.230 [FXGL Background Thread 1 ] DEBUG Engine               - Initializing environment variables
09:30:07.272 [FXGL Background Thread 1 ] DEBUG FXGLAssetLoaderServi - User app class for loading assets: class Game
09:30:07.273 [FXGL Background Thread 1 ] DEBUG GameApplicationServi - Applying CSS: fxgl_dark.css
09:30:07.274 [FXGL Background Thread 1 ] DEBUG FXGLAssetLoaderServi - Loading from file system: jar:file:/Users/dino/.m2/repository/com/github/almasb/fxgl/11.14/fxgl-11.14.jar!/fxglassets/ui/css/fxgl_dark.css
09:30:07.420 [FXGL Background Thread 1 ] DEBUG GameApplicationServi - Initializing application scenes
09:30:08.129 [FXGL Background Thread 1 ] DEBUG GameWorld            - Game world initialized
09:30:08.234 [FXGL Background Thread 1 ] DEBUG PhysicsWorld         - Physics world initialized: appHeight=720, physics.ppm=50,0
09:30:08.234 [FXGL Background Thread 1 ] DEBUG PhysicsWorld         - Using strategy: BRUTE_FORCE
09:30:08.238 [FXGL Background Thread 1 ] DEBUG GameScene            - Game scene initialized: 1280x720
09:30:08.365 [FXGL Background Thread 1 ] DEBUG FXGLAssetLoaderServi - Loading from file system: jar:file:/Users/dino/.m2/repository/com/github/almasb/fxgl/11.14/fxgl-11.14.jar!/fxglassets/textures/particles/trace_horizontal.png
09:30:08.575 [FXGL Background Thread 1 ] DEBUG FXGL.DefaultMenu     - createMenuBodyGameMenu()
09:30:08.603 [FXGL Background Thread 1 ] DEBUG FXGL.DefaultMenu     - createOptionsMenu()
09:30:08.617 [FXGL Background Thread 1 ] DEBUG FXGLAssetLoaderServi - Loading from file system: jar:file:/Users/dino/.m2/repository/com/github/almasb/fxgl/11.14/fxgl-11.14.jar!/fxglassets/textures/particles/smoke.png
09:30:08.831 [FXGL Background Thread 1 ] DEBUG GameApplicationServi - Application scenes initialized
09:30:08.854 [FXGL Background Thread 1 ] DEBUG SystemBundleService  - Loading FXGL system data
09:30:08.860 [FXGL Background Thread 1 ] DEBUG FileSystemAccess     - Reading from: /Users/dino/OneDrive - Hogeschool Leiden/Sophia/system/fxgl.bundle
09:30:08.871 [FXGL Background Thread 1 ] DEBUG SystemBundleService  - Bundle FXGL: {}
09:30:08.872 [FXGL Background Thread 1 ] DEBUG UpdaterService       - Checking for updates
09:30:08.878 [FXGL Background Thread 4 ] DEBUG FXGLApplication      - Loading fonts
09:30:08.879 [FXGL Background Thread 4 ] DEBUG FXGLAssetLoaderServi - Loading from file system: jar:file:/Users/dino/.m2/repository/com/github/almasb/fxgl/11.14/fxgl-11.14.jar!/fxglassets/ui/fonts/VarelaRound-Regular.ttf
09:30:08.881 [FXGL Background Thread 1 ] DEBUG FXGLApplication      - Loading default localization
09:30:08.882 [FXGL Background Thread 1 ] DEBUG FXGLAssetLoaderServi - Loading from file system: jar:file:/Users/dino/.m2/repository/com/github/almasb/fxgl/11.14/fxgl-11.14.jar!/fxglassets/languages/english.lang
09:30:08.896 [FXGL Background Thread 4 ] DEBUG FXGLAssetLoaderServi - Loading from file system: jar:file:/Users/dino/.m2/repository/com/github/almasb/fxgl/11.14/fxgl-11.14.jar!/fxglassets/ui/fonts/Abel-Regular.ttf
09:30:08.900 [FXGL Background Thread 4 ] DEBUG FXGLAssetLoaderServi - Loading from file system: jar:file:/Users/dino/.m2/repository/com/github/almasb/fxgl/11.14/fxgl-11.14.jar!/fxglassets/ui/fonts/lucida_console.ttf
09:30:08.908 [FXGL Background Thread 4 ] DEBUG FXGLAssetLoaderServi - Loading from file system: jar:file:/Users/dino/.m2/repository/com/github/almasb/fxgl/11.14/fxgl-11.14.jar!/fxglassets/ui/fonts/Courier-Prime.ttf
09:30:08.913 [JavaFX Application Thread] DEBUG FXGLApplication      - Registering font factories with UI factory
09:30:08.957 [FXGL Background Thread 1 ] INFO  FXGLApplication      - FXGL initialization took: 1,726 sec
09:30:08.971 [JavaFX Application Thread] DEBUG Input                - Registered new binding: action0 - D
09:30:08.972 [JavaFX Application Thread] DEBUG Input                - Registered new binding: action1 - A
09:30:08.972 [JavaFX Application Thread] DEBUG Input                - Registered new binding: action2 - W
09:30:08.973 [JavaFX Application Thread] DEBUG Input                - Registered new binding: action3 - S
09:30:08.974 [JavaFX Application Thread] DEBUG FXGLAssetLoaderServi - Loading from file system: jar:file:/Users/dino/.m2/repository/com/github/almasb/fxgl/11.14/fxgl-11.14.jar!/fxglassets/textures/fxgl_icon.png
09:30:09.021 [JavaFX Application Thread] DEBUG FXGLAssetLoaderServi - Loading from file system: jar:file:/Users/dino/.m2/repository/com/github/almasb/fxgl/11.14/fxgl-11.14.jar!/fxglassets/ui/cursors/fxgl_default.png
09:30:09.025 [JavaFX Application Thread] DEBUG Input                - Registered new binding: Screenshot - P
09:30:09.026 [JavaFX Application Thread] DEBUG Input                - Registered new binding: System info dump - CTRL+9
09:30:09.026 [JavaFX Application Thread] DEBUG Input                - Registered new binding: Restart - CTRL+R
09:30:09.027 [JavaFX Application Thread] DEBUG Input                - Registered new binding: Toggle Debug Camera - CTRL+C
09:30:09.030 [JavaFX Application Thread] DEBUG LoopRunner           - Starting loop
09:30:09.031 [JavaFX Application Thread] DEBUG LoopRunner           - Initializing JavaFX AnimationTimerLoop
09:30:09.032 [JavaFX Application Thread] DEBUG GameApplicationServi - Starting new game
09:30:09.033 [JavaFX Application Thread] DEBUG Input                - Clearing active input actions
09:30:09.046 [JavaFX Application Thread] DEBUG GameApplicationServi - Removing overlay from FXGLStartupScene and adding to FXGLLoadingScene
09:30:09.046 [JavaFX Application Thread] DEBUG PrimaryStageWindow   - FXGLStartupScene -> FXGLLoadingScene
09:30:09.046 [JavaFX Application Thread] DEBUG GameApplicationServi - Clearing previous game
09:30:09.057 [JavaFX Application Thread] DEBUG GameScene            - Clearing game scene
09:30:09.057 [JavaFX Application Thread] DEBUG GameWorld            - Clearing game world
09:30:09.058 [JavaFX Application Thread] DEBUG PhysicsWorld         - Clearing physics world
09:30:09.059 [FXGL Background Thread 1 ] DEBUG FXGLApplication      - Initializing game
09:30:09.062 [FXGL Background Thread 1 ] DEBUG FXGLAssetLoaderServi - Loading from file system: file:/Users/dino/OneDrive%20-%20Hogeschool%20Leiden/Sophia/target/classes/assets/textures/tree.png
09:30:09.093 [FXGL Background Thread 1 ] DEBUG FXGLAssetLoaderServi - Loading from file system: file:/Users/dino/OneDrive%20-%20Hogeschool%20Leiden/Sophia/target/classes/assets/textures/forest1.png
09:30:09.209 [FXGL Background Thread 1 ] DEBUG FXGLAssetLoaderServi - Loading from file system: file:/Users/dino/OneDrive%20-%20Hogeschool%20Leiden/Sophia/target/classes/assets/textures/forest.png
09:30:09.498 [FXGL Background Thread 1 ] DEBUG FXGLAssetLoaderServi - Loading from file system: file:/Users/dino/OneDrive%20-%20Hogeschool%20Leiden/Sophia/target/classes/assets/textures/grassfield.png
09:30:09.688 [FXGL Background Thread 1 ] INFO  FXGLApplication      - Game initialization took: 0,629 sec
09:30:09.695 [JavaFX Application Thread] DEBUG Input                - Clearing active input actions
09:30:09.715 [JavaFX Application Thread] DEBUG GameApplicationServi - Removing overlay from FXGLLoadingScene and adding to GameScene
09:30:09.715 [JavaFX Application Thread] DEBUG PrimaryStageWindow   - FXGLLoadingScene -> GameScene
09:30:09.902 [FXGL Background Thread 2 ] INFO  UpdaterService       - Your current version:  11.14
09:30:09.902 [FXGL Background Thread 2 ] INFO  UpdaterService       - Latest stable version: 17.1
09:30:11.878 [FXGL Background Thread 3 ] DEBUG Engine               - Logging environment variables
09:30:11.879 [FXGL Background Thread 3 ] DEBUG Engine               - achievements: []
09:30:11.879 [FXGL Background Thread 3 ] DEBUG Engine               - actualHeight: 720.0
09:30:11.880 [FXGL Background Thread 3 ] DEBUG Engine               - actualHeightProperty: ReadOnlyDoubleProperty [value: 720.0]
09:30:11.880 [FXGL Background Thread 3 ] DEBUG Engine               - actualWidth: 1280.0
09:30:11.880 [FXGL Background Thread 3 ] DEBUG Engine               - actualWidthProperty: ReadOnlyDoubleProperty [value: 1280.0]
09:30:11.880 [FXGL Background Thread 3 ] DEBUG Engine               - appIcon: fxgl_icon.png
09:30:11.881 [FXGL Background Thread 3 ] DEBUG Engine               - applicationMode: DEVELOPER
09:30:11.881 [FXGL Background Thread 3 ] DEBUG Engine               - cSSList: [fxgl_dark.css]
09:30:11.881 [FXGL Background Thread 3 ] DEBUG Engine               - collisionDetectionStrategy: BRUTE_FORCE
09:30:11.881 [FXGL Background Thread 3 ] DEBUG Engine               - configClass: Optional.empty
09:30:11.881 [FXGL Background Thread 3 ] DEBUG Engine               - credits: []
09:30:11.882 [FXGL Background Thread 3 ] DEBUG Engine               - devBBoxColorProperty: ObjectProperty [value: 0xff0000ff]
09:30:11.882 [FXGL Background Thread 3 ] DEBUG Engine               - devEnableDebugCameraProperty: BooleanProperty [value: false]
09:30:11.883 [FXGL Background Thread 3 ] DEBUG Engine               - devSensorColorProperty: ObjectProperty [value: 0xffff00ff]
09:30:11.883 [FXGL Background Thread 3 ] DEBUG Engine               - devShowBBoxProperty: BooleanProperty [value: false]
09:30:11.883 [FXGL Background Thread 3 ] DEBUG Engine               - devShowPositionProperty: BooleanProperty [value: false]
09:30:11.883 [FXGL Background Thread 3 ] DEBUG Engine               - enabledMenuItems: []
09:30:11.884 [FXGL Background Thread 3 ] DEBUG Engine               - engineServices: [class com.almasb.fxgl.app.services.FXGLAssetLoaderService, class com.almasb.fxgl.app.FXGLApplication$GameApplicationService, class com.almasb.fxgl.app.services.FXGLDialogService, class com.almasb.fxgl.app.services.IOTaskExecutorService, class com.almasb.fxgl.event.EventBusService, class com.almasb.fxgl.io.FileSystemService, class com.almasb.fxgl.localization.LocalizationService, class com.almasb.fxgl.app.services.SystemBundleService, class com.almasb.fxgl.profile.SaveLoadService, class com.almasb.fxgl.ui.FXGLUIFactoryServiceProvider, class com.almasb.fxgl.ui.FXGLDialogFactoryServiceProvider, class com.almasb.fxgl.audio.AudioPlayer, class com.almasb.fxgl.notification.impl.NotificationServiceProvider, class com.almasb.fxgl.achievement.AchievementService, class com.almasb.fxgl.cutscene.CutsceneService, class com.almasb.fxgl.minigames.MiniGameService, class com.almasb.fxgl.net.NetService, class com.almasb.fxgl.app.services.UpdaterService, class com.almasb.fxgl.dev.DevService]
09:30:11.884 [FXGL Background Thread 3 ] DEBUG Engine               - fontGame: Abel-Regular.ttf
09:30:11.884 [FXGL Background Thread 3 ] DEBUG Engine               - fontMono: lucida_console.ttf
09:30:11.884 [FXGL Background Thread 3 ] DEBUG Engine               - fontText: Courier-Prime.ttf
09:30:11.884 [FXGL Background Thread 3 ] DEBUG Engine               - fontUI: VarelaRound-Regular.ttf
09:30:11.885 [FXGL Background Thread 3 ] DEBUG Engine               - fullScreen: BooleanProperty [value: false]
09:30:11.885 [FXGL Background Thread 3 ] DEBUG Engine               - gameDifficulty: MEDIUM
09:30:11.885 [FXGL Background Thread 3 ] DEBUG Engine               - gameDifficultyProperty: ObjectProperty [value: MEDIUM]
09:30:11.885 [FXGL Background Thread 3 ] DEBUG Engine               - globalMusicVolume: 0.5
09:30:11.885 [FXGL Background Thread 3 ] DEBUG Engine               - globalMusicVolumeProperty: DoubleProperty [value: 0.5]
09:30:11.886 [FXGL Background Thread 3 ] DEBUG Engine               - globalSoundVolume: 0.5
09:30:11.886 [FXGL Background Thread 3 ] DEBUG Engine               - globalSoundVolumeProperty: DoubleProperty [value: 0.5]
09:30:11.886 [FXGL Background Thread 3 ] DEBUG Engine               - height: 720
09:30:11.886 [FXGL Background Thread 3 ] DEBUG Engine               - isAndroid: false
09:30:11.887 [FXGL Background Thread 3 ] DEBUG Engine               - isBrowser: false
09:30:11.887 [FXGL Background Thread 3 ] DEBUG Engine               - isClickFeedbackEnabled: false
09:30:11.887 [FXGL Background Thread 3 ] DEBUG Engine               - isCloseConfirmation: false
09:30:11.887 [FXGL Background Thread 3 ] DEBUG Engine               - isDesktop: true
09:30:11.887 [FXGL Background Thread 3 ] DEBUG Engine               - isDeveloperMenuEnabled: false
09:30:11.888 [FXGL Background Thread 3 ] DEBUG Engine               - isEntityPreloadEnabled: true
09:30:11.888 [FXGL Background Thread 3 ] DEBUG Engine               - isExperimental3D: false
09:30:11.888 [FXGL Background Thread 3 ] DEBUG Engine               - isExperimentalNative: false
09:30:11.888 [FXGL Background Thread 3 ] DEBUG Engine               - isExperimentalTiledLargeMap: false
09:30:11.888 [FXGL Background Thread 3 ] DEBUG Engine               - isFileSystemWriteAllowed: true
09:30:11.888 [FXGL Background Thread 3 ] DEBUG Engine               - isFullScreenAllowed: false
09:30:11.889 [FXGL Background Thread 3 ] DEBUG Engine               - isFullScreenFromStart: false
09:30:11.889 [FXGL Background Thread 3 ] DEBUG Engine               - isGameMenuEnabled: true
09:30:11.889 [FXGL Background Thread 3 ] DEBUG Engine               - isIOS: false
09:30:11.889 [FXGL Background Thread 3 ] DEBUG Engine               - isIntroEnabled: false
09:30:11.889 [FXGL Background Thread 3 ] DEBUG Engine               - isLinux: false
09:30:11.890 [FXGL Background Thread 3 ] DEBUG Engine               - isMac: true
09:30:11.890 [FXGL Background Thread 3 ] DEBUG Engine               - isMainMenuEnabled: false
09:30:11.890 [FXGL Background Thread 3 ] DEBUG Engine               - isManualResizeEnabled: false
09:30:11.890 [FXGL Background Thread 3 ] DEBUG Engine               - isMobile: false
09:30:11.891 [FXGL Background Thread 3 ] DEBUG Engine               - isPreserveResizeRatio: false
09:30:11.891 [FXGL Background Thread 3 ] DEBUG Engine               - isProfilingEnabled: false
09:30:11.891 [FXGL Background Thread 3 ] DEBUG Engine               - isScaleAffectedOnResize: true
09:30:11.891 [FXGL Background Thread 3 ] DEBUG Engine               - isSingleStep: false
09:30:11.891 [FXGL Background Thread 3 ] DEBUG Engine               - isUserProfileEnabled: false
09:30:11.892 [FXGL Background Thread 3 ] DEBUG Engine               - isWindows: false
09:30:11.892 [FXGL Background Thread 3 ] DEBUG Engine               - language: ObjectProperty [value: ENGLISH]
09:30:11.892 [FXGL Background Thread 3 ] DEBUG Engine               - menuKey: ESCAPE
09:30:11.892 [FXGL Background Thread 3 ] DEBUG Engine               - notificationViewClass: class com.almasb.fxgl.notification.view.XboxNotificationView
09:30:11.892 [FXGL Background Thread 3 ] DEBUG Engine               - pixelsPerMeter: 50.0
09:30:11.893 [FXGL Background Thread 3 ] DEBUG Engine               - platform: MAC
09:30:11.893 [FXGL Background Thread 3 ] DEBUG Engine               - prefHeightProperty: ReadOnlyDoubleProperty [value: 720.0]
09:30:11.893 [FXGL Background Thread 3 ] DEBUG Engine               - prefWidthProperty: ReadOnlyDoubleProperty [value: 1280.0]
09:30:11.893 [FXGL Background Thread 3 ] DEBUG Engine               - profileDir: profiles/
09:30:11.894 [FXGL Background Thread 3 ] DEBUG Engine               - profileName: StringProperty [value: DEFAULT]
09:30:11.894 [FXGL Background Thread 3 ] DEBUG Engine               - randomSeed: -1
09:30:11.894 [FXGL Background Thread 3 ] DEBUG Engine               - runtimeInfo: RuntimeInfo(platform=MAC, version=11.14, build=01.03.2021 16.59)
09:30:11.894 [FXGL Background Thread 3 ] DEBUG Engine               - saveFileExt: sav
09:30:11.894 [FXGL Background Thread 3 ] DEBUG Engine               - scaledHeightProp$fxgl: DoubleProperty [bound, value: 720.0]
09:30:11.894 [FXGL Background Thread 3 ] DEBUG Engine               - scaledWidthProp$fxgl: DoubleProperty [bound, value: 1280.0]
09:30:11.895 [FXGL Background Thread 3 ] DEBUG Engine               - sceneFactory: com.almasb.fxgl.app.scene.SceneFactory@7d6fabe0
09:30:11.895 [FXGL Background Thread 3 ] DEBUG Engine               - secondsIn24h: 60
09:30:11.895 [FXGL Background Thread 3 ] DEBUG Engine               - soundMenuBack: menu/back.wav
09:30:11.895 [FXGL Background Thread 3 ] DEBUG Engine               - soundMenuPress: menu/press.wav
09:30:11.895 [FXGL Background Thread 3 ] DEBUG Engine               - soundMenuSelect: menu/select.wav
09:30:11.896 [FXGL Background Thread 3 ] DEBUG Engine               - soundNotification: core/notification.wav
09:30:11.896 [FXGL Background Thread 3 ] DEBUG Engine               - stageStyle: DECORATED
09:30:11.896 [FXGL Background Thread 3 ] DEBUG Engine               - supportedLanguages: [ENGLISH, FRENCH, GERMAN, HUNGARIAN, RUSSIAN]
09:30:11.896 [FXGL Background Thread 3 ] DEBUG Engine               - ticksPerSecond: -1
09:30:11.897 [FXGL Background Thread 3 ] DEBUG Engine               - title: Basic Game App
09:30:11.897 [FXGL Background Thread 3 ] DEBUG Engine               - urlGithub: https://github.com/AlmasB/FXGL
09:30:11.897 [FXGL Background Thread 3 ] DEBUG Engine               - urlLeaderboard: http://fxgl-top.herokuapp.com/
09:30:11.897 [FXGL Background Thread 3 ] DEBUG Engine               - urlPOM: https://raw.githubusercontent.com/AlmasB/FXGL/release/README.md
09:30:11.897 [FXGL Background Thread 3 ] DEBUG Engine               - userAppClass: class Game
09:30:11.897 [FXGL Background Thread 3 ] DEBUG Engine               - version: 0.1
09:30:11.898 [FXGL Background Thread 3 ] DEBUG Engine               - versionCheckDays: 7
09:30:11.898 [FXGL Background Thread 3 ] DEBUG Engine               - width: 1280
09:30:11.898 [FXGL Background Thread 3 ] DEBUG Engine               - Logging services
09:30:11.898 [FXGL Background Thread 3 ] DEBUG Engine               - class com.almasb.fxgl.app.services.FXGLAssetLoaderService
09:30:11.898 [FXGL Background Thread 3 ] DEBUG Engine               - class com.almasb.fxgl.app.FXGLApplication$GameApplicationService
09:30:11.899 [FXGL Background Thread 3 ] DEBUG Engine               - class com.almasb.fxgl.app.services.FXGLDialogService
09:30:11.899 [FXGL Background Thread 3 ] DEBUG Engine               - class com.almasb.fxgl.app.services.IOTaskExecutorService
09:30:11.899 [FXGL Background Thread 3 ] DEBUG Engine               - class com.almasb.fxgl.event.EventBusService
09:30:11.899 [FXGL Background Thread 3 ] DEBUG Engine               - class com.almasb.fxgl.io.FileSystemService
09:30:11.899 [FXGL Background Thread 3 ] DEBUG Engine               - class com.almasb.fxgl.localization.LocalizationService
09:30:11.900 [FXGL Background Thread 3 ] DEBUG Engine               - class com.almasb.fxgl.app.services.SystemBundleService
09:30:11.900 [FXGL Background Thread 3 ] DEBUG Engine               - class com.almasb.fxgl.profile.SaveLoadService
09:30:11.900 [FXGL Background Thread 3 ] DEBUG Engine               - class com.almasb.fxgl.ui.FXGLUIFactoryServiceProvider
09:30:11.900 [FXGL Background Thread 3 ] DEBUG Engine               - class com.almasb.fxgl.ui.FXGLDialogFactoryServiceProvider
09:30:11.900 [FXGL Background Thread 3 ] DEBUG Engine               - class com.almasb.fxgl.audio.AudioPlayer
09:30:11.901 [FXGL Background Thread 3 ] DEBUG Engine               - class com.almasb.fxgl.notification.impl.NotificationServiceProvider
09:30:11.901 [FXGL Background Thread 3 ] DEBUG Engine               - class com.almasb.fxgl.achievement.AchievementService
09:30:11.901 [FXGL Background Thread 3 ] DEBUG Engine               - class com.almasb.fxgl.cutscene.CutsceneService
09:30:11.901 [FXGL Background Thread 3 ] DEBUG Engine               - class com.almasb.fxgl.minigames.MiniGameService
09:30:11.901 [FXGL Background Thread 3 ] DEBUG Engine               - class com.almasb.fxgl.net.NetService
09:30:11.902 [FXGL Background Thread 3 ] DEBUG Engine               - class com.almasb.fxgl.app.services.UpdaterService
09:30:11.902 [FXGL Background Thread 3 ] DEBUG Engine               - class com.almasb.fxgl.dev.DevService
09:30:19.229 [JavaFX Application Thread] DEBUG FXGLApplication      - Exiting FXGL
09:30:19.230 [JavaFX Application Thread] DEBUG LoopRunner           - Stopping loop
09:30:19.230 [JavaFX Application Thread] DEBUG SystemBundleService  - Saving FXGL system data
09:30:19.233 [JavaFX Application Thread] DEBUG FileSystemAccess     - Writing to: /Users/dino/OneDrive - Hogeschool Leiden/Sophia/system/fxgl.bundle
09:30:19.234 [JavaFX Application Thread] DEBUG Async                - Shutting down background threads
09:30:19.235 [JavaFX Application Thread] DEBUG PrimaryStageWindow   - Closing main window
09:30:19.243 [JavaFX Application Thread] DEBUG Logger               - Closing Logger
