21:58:33.378 [main                     ] DEBUG Logger               - Configured Logger
21:58:33.391 [main                     ] DEBUG GameApplication      - Logging settings
Title: Basic Game App
Version: 0.1
Width: 1280
Height: 720
Fullscreen: false
Intro: false
Profiling: false
Single step:false
App Mode: DEVELOPER
Menu Key: ESCAPE
Stage Style: DECORATED
Scene Factory: class com.almasb.fxgl.app.scene.SceneFactory

21:58:33.834 [JavaFX Application Thread] DEBUG FXGLApplication      - Initializing FXGL
21:58:33.836 [JavaFX Application Thread] INFO  Engine               - FXGL-11.14 (01.03.2021 16.59) on WINDOWS (J:15.0.2 FX:15)
21:58:33.836 [JavaFX Application Thread] DEBUG Engine               - JRE Vendor Name: Oracle Corporation
21:58:33.836 [JavaFX Application Thread] DEBUG Engine               - Running on OS: Windows 10 version 10.0
21:58:33.837 [JavaFX Application Thread] DEBUG Engine               - Architecture: amd64
21:58:33.837 [JavaFX Application Thread] INFO  Engine               - Source code and latest versions at: https://github.com/AlmasB/FXGL
21:58:33.837 [JavaFX Application Thread] INFO  Engine               -              Join the FXGL chat at: https://gitter.im/AlmasB/FXGL
21:58:33.936 [JavaFX Application Thread] DEBUG PrimaryStageWindow   - Creating a JavaFX scene
21:58:33.982 [JavaFX Application Thread] DEBUG PrimaryStageWindow   - Target settings size: 1280.0 x 720.0
21:58:33.982 [JavaFX Application Thread] DEBUG PrimaryStageWindow   - Scaled scene size:    1280.0 x 720.0
21:58:33.982 [JavaFX Application Thread] DEBUG PrimaryStageWindow   - Scaled ratio: (1.0, 1.0)
21:58:33.983 [JavaFX Application Thread] DEBUG PrimaryStageWindow   - Set initial scene to FXGLStartupScene
21:58:33.989 [JavaFX Application Thread] DEBUG PrimaryStageWindow   - Opening main window
21:58:34.075 [JavaFX Application Thread] DEBUG PrimaryStageWindow   - Window border size: (16.0, 39.0)
21:58:34.075 [JavaFX Application Thread] DEBUG PrimaryStageWindow   - Scaled size: 1280.0 x 720.0
21:58:34.075 [JavaFX Application Thread] DEBUG PrimaryStageWindow   - Scaled ratio: (1.0, 1.0)
21:58:34.075 [JavaFX Application Thread] DEBUG PrimaryStageWindow   - Scene size: 1280.0 x 720.0
21:58:34.075 [JavaFX Application Thread] DEBUG PrimaryStageWindow   - Stage size: 1296.0 x 759.0
21:58:34.081 [FXGL Background Thread 1 ] DEBUG Engine               - Initializing environment variables
21:58:34.109 [FXGL Background Thread 1 ] DEBUG FXGLAssetLoaderServi - User app class for loading assets: class Game
21:58:34.109 [FXGL Background Thread 1 ] DEBUG GameApplicationServi - Applying CSS: fxgl_dark.css
21:58:34.110 [FXGL Background Thread 1 ] DEBUG FXGLAssetLoaderServi - Loading from file system: jar:file:/C:/Users/Dino/.m2/repository/com/github/almasb/fxgl/11.14/fxgl-11.14.jar!/fxglassets/ui/css/fxgl_dark.css
21:58:34.147 [FXGL Background Thread 1 ] DEBUG GameApplicationServi - Initializing application scenes
21:58:34.181 [FXGL Background Thread 1 ] DEBUG GameWorld            - Game world initialized
21:58:34.227 [FXGL Background Thread 1 ] DEBUG PhysicsWorld         - Physics world initialized: appHeight=720, physics.ppm=50,0
21:58:34.227 [FXGL Background Thread 1 ] DEBUG PhysicsWorld         - Using strategy: BRUTE_FORCE
21:58:34.229 [FXGL Background Thread 1 ] DEBUG GameScene            - Game scene initialized: 1280x720
21:58:34.255 [FXGL Background Thread 1 ] DEBUG FXGLAssetLoaderServi - Loading from file system: jar:file:/C:/Users/Dino/.m2/repository/com/github/almasb/fxgl/11.14/fxgl-11.14.jar!/fxglassets/textures/particles/trace_horizontal.png
21:58:34.295 [FXGL Background Thread 1 ] DEBUG FXGL.DefaultMenu     - createMenuBodyGameMenu()
21:58:34.308 [FXGL Background Thread 1 ] DEBUG FXGL.DefaultMenu     - createOptionsMenu()
21:58:34.312 [FXGL Background Thread 1 ] DEBUG FXGLAssetLoaderServi - Loading from file system: jar:file:/C:/Users/Dino/.m2/repository/com/github/almasb/fxgl/11.14/fxgl-11.14.jar!/fxglassets/textures/particles/smoke.png
21:58:34.352 [FXGL Background Thread 1 ] DEBUG GameApplicationServi - Application scenes initialized
21:58:34.361 [FXGL Background Thread 1 ] DEBUG SystemBundleService  - Loading FXGL system data
21:58:34.365 [FXGL Background Thread 1 ] DEBUG FileSystemAccess     - Reading from: E:\java\Sophia\system\fxgl.bundle
21:58:34.370 [FXGL Background Thread 1 ] DEBUG SystemBundleService  - Bundle FXGL: {}
21:58:34.370 [FXGL Background Thread 1 ] DEBUG UpdaterService       - Checking for updates
21:58:34.375 [FXGL Background Thread 1 ] DEBUG FXGLApplication      - Loading default localization
21:58:34.376 [FXGL Background Thread 1 ] DEBUG FXGLAssetLoaderServi - Loading from file system: jar:file:/C:/Users/Dino/.m2/repository/com/github/almasb/fxgl/11.14/fxgl-11.14.jar!/fxglassets/languages/english.lang
21:58:34.387 [FXGL Background Thread 1 ] INFO  FXGLApplication      - FXGL initialization took: 0,306 sec
21:58:34.388 [FXGL Background Thread 4 ] DEBUG FXGLApplication      - Loading fonts
21:58:34.389 [FXGL Background Thread 4 ] DEBUG FXGLAssetLoaderServi - Loading from file system: jar:file:/C:/Users/Dino/.m2/repository/com/github/almasb/fxgl/11.14/fxgl-11.14.jar!/fxglassets/ui/fonts/VarelaRound-Regular.ttf
21:58:34.395 [JavaFX Application Thread] DEBUG Input                - Registered new binding: action0 - D
21:58:34.395 [JavaFX Application Thread] DEBUG Input                - Registered new binding: action1 - A
21:58:34.396 [JavaFX Application Thread] DEBUG Input                - Registered new binding: action2 - W
21:58:34.396 [JavaFX Application Thread] DEBUG Input                - Registered new binding: action3 - S
21:58:34.396 [JavaFX Application Thread] DEBUG FXGLAssetLoaderServi - Loading from file system: jar:file:/C:/Users/Dino/.m2/repository/com/github/almasb/fxgl/11.14/fxgl-11.14.jar!/fxglassets/textures/fxgl_icon.png
21:58:34.409 [JavaFX Application Thread] DEBUG FXGLAssetLoaderServi - Loading from file system: jar:file:/C:/Users/Dino/.m2/repository/com/github/almasb/fxgl/11.14/fxgl-11.14.jar!/fxglassets/ui/cursors/fxgl_default.png
21:58:34.411 [JavaFX Application Thread] DEBUG Input                - Registered new binding: Screenshot - P
21:58:34.411 [JavaFX Application Thread] DEBUG Input                - Registered new binding: System info dump - CTRL+9
21:58:34.412 [JavaFX Application Thread] DEBUG Input                - Registered new binding: Restart - CTRL+R
21:58:34.413 [JavaFX Application Thread] DEBUG Input                - Registered new binding: Toggle Debug Camera - CTRL+C
21:58:34.414 [JavaFX Application Thread] DEBUG LoopRunner           - Starting loop
21:58:34.415 [JavaFX Application Thread] DEBUG LoopRunner           - Initializing JavaFX AnimationTimerLoop
21:58:34.416 [JavaFX Application Thread] DEBUG GameApplicationServi - Starting new game
21:58:34.416 [JavaFX Application Thread] DEBUG Input                - Clearing active input actions
21:58:34.426 [JavaFX Application Thread] DEBUG GameApplicationServi - Removing overlay from FXGLStartupScene and adding to FXGLLoadingScene
21:58:34.427 [JavaFX Application Thread] DEBUG PrimaryStageWindow   - FXGLStartupScene -> FXGLLoadingScene
21:58:34.427 [JavaFX Application Thread] DEBUG GameApplicationServi - Clearing previous game
21:58:34.427 [JavaFX Application Thread] DEBUG GameScene            - Clearing game scene
21:58:34.427 [JavaFX Application Thread] DEBUG GameWorld            - Clearing game world
21:58:34.427 [JavaFX Application Thread] DEBUG PhysicsWorld         - Clearing physics world
21:58:34.428 [FXGL Background Thread 1 ] DEBUG FXGLApplication      - Initializing game
21:58:34.430 [FXGL Background Thread 1 ] DEBUG FXGLAssetLoaderServi - Loading from file system: file:/E:/java/Sophia/target/classes/assets/textures/tree.png
21:58:34.445 [FXGL Background Thread 1 ] DEBUG FXGLAssetLoaderServi - Loading from file system: file:/E:/java/Sophia/target/classes/assets/textures/forest1.png
21:58:34.494 [FXGL Background Thread 1 ] DEBUG FXGLAssetLoaderServi - Loading from file system: file:/E:/java/Sophia/target/classes/assets/textures/forest.png
21:58:34.530 [FXGL Background Thread 1 ] DEBUG FXGLAssetLoaderServi - Loading from file system: file:/E:/java/Sophia/target/classes/assets/textures/grassfield.png
21:58:34.570 [FXGL Background Thread 1 ] INFO  FXGLApplication      - Game initialization took: 0,142 sec
21:58:34.571 [JavaFX Application Thread] DEBUG Input                - Clearing active input actions
21:58:34.577 [JavaFX Application Thread] DEBUG GameApplicationServi - Removing overlay from FXGLLoadingScene and adding to GameScene
21:58:34.578 [JavaFX Application Thread] DEBUG PrimaryStageWindow   - FXGLLoadingScene -> GameScene
21:58:34.646 [FXGL Background Thread 4 ] DEBUG FXGLAssetLoaderServi - Loading from file system: jar:file:/C:/Users/Dino/.m2/repository/com/github/almasb/fxgl/11.14/fxgl-11.14.jar!/fxglassets/ui/fonts/Abel-Regular.ttf
21:58:34.649 [FXGL Background Thread 4 ] DEBUG FXGLAssetLoaderServi - Loading from file system: jar:file:/C:/Users/Dino/.m2/repository/com/github/almasb/fxgl/11.14/fxgl-11.14.jar!/fxglassets/ui/fonts/lucida_console.ttf
21:58:34.653 [FXGL Background Thread 4 ] DEBUG FXGLAssetLoaderServi - Loading from file system: jar:file:/C:/Users/Dino/.m2/repository/com/github/almasb/fxgl/11.14/fxgl-11.14.jar!/fxglassets/ui/fonts/Courier-Prime.ttf
21:58:34.658 [JavaFX Application Thread] DEBUG FXGLApplication      - Registering font factories with UI factory
21:58:34.799 [FXGL Background Thread 2 ] INFO  UpdaterService       - Your current version:  11.14
21:58:34.799 [FXGL Background Thread 2 ] INFO  UpdaterService       - Latest stable version: 17.1
21:58:37.375 [FXGL Background Thread 3 ] DEBUG Engine               - Logging environment variables
21:58:37.375 [FXGL Background Thread 3 ] DEBUG Engine               - achievements: []
21:58:37.375 [FXGL Background Thread 3 ] DEBUG Engine               - actualHeight: 720.0
21:58:37.376 [FXGL Background Thread 3 ] DEBUG Engine               - actualHeightProperty: ReadOnlyDoubleProperty [value: 720.0]
21:58:37.376 [FXGL Background Thread 3 ] DEBUG Engine               - actualWidth: 1280.0
21:58:37.376 [FXGL Background Thread 3 ] DEBUG Engine               - actualWidthProperty: ReadOnlyDoubleProperty [value: 1280.0]
21:58:37.376 [FXGL Background Thread 3 ] DEBUG Engine               - appIcon: fxgl_icon.png
21:58:37.376 [FXGL Background Thread 3 ] DEBUG Engine               - applicationMode: DEVELOPER
21:58:37.376 [FXGL Background Thread 3 ] DEBUG Engine               - cSSList: [fxgl_dark.css]
21:58:37.376 [FXGL Background Thread 3 ] DEBUG Engine               - collisionDetectionStrategy: BRUTE_FORCE
21:58:37.376 [FXGL Background Thread 3 ] DEBUG Engine               - configClass: Optional.empty
21:58:37.376 [FXGL Background Thread 3 ] DEBUG Engine               - credits: []
21:58:37.377 [FXGL Background Thread 3 ] DEBUG Engine               - devBBoxColorProperty: ObjectProperty [value: 0xff0000ff]
21:58:37.377 [FXGL Background Thread 3 ] DEBUG Engine               - devEnableDebugCameraProperty: BooleanProperty [value: false]
21:58:37.377 [FXGL Background Thread 3 ] DEBUG Engine               - devSensorColorProperty: ObjectProperty [value: 0xffff00ff]
21:58:37.377 [FXGL Background Thread 3 ] DEBUG Engine               - devShowBBoxProperty: BooleanProperty [value: false]
21:58:37.377 [FXGL Background Thread 3 ] DEBUG Engine               - devShowPositionProperty: BooleanProperty [value: false]
21:58:37.377 [FXGL Background Thread 3 ] DEBUG Engine               - enabledMenuItems: []
21:58:37.377 [FXGL Background Thread 3 ] DEBUG Engine               - engineServices: [class com.almasb.fxgl.app.services.FXGLAssetLoaderService, class com.almasb.fxgl.app.FXGLApplication$GameApplicationService, class com.almasb.fxgl.app.services.FXGLDialogService, class com.almasb.fxgl.app.services.IOTaskExecutorService, class com.almasb.fxgl.event.EventBusService, class com.almasb.fxgl.io.FileSystemService, class com.almasb.fxgl.localization.LocalizationService, class com.almasb.fxgl.app.services.SystemBundleService, class com.almasb.fxgl.profile.SaveLoadService, class com.almasb.fxgl.ui.FXGLUIFactoryServiceProvider, class com.almasb.fxgl.ui.FXGLDialogFactoryServiceProvider, class com.almasb.fxgl.audio.AudioPlayer, class com.almasb.fxgl.notification.impl.NotificationServiceProvider, class com.almasb.fxgl.achievement.AchievementService, class com.almasb.fxgl.cutscene.CutsceneService, class com.almasb.fxgl.minigames.MiniGameService, class com.almasb.fxgl.net.NetService, class com.almasb.fxgl.app.services.UpdaterService, class com.almasb.fxgl.dev.DevService]
21:58:37.378 [FXGL Background Thread 3 ] DEBUG Engine               - fontGame: Abel-Regular.ttf
21:58:37.378 [FXGL Background Thread 3 ] DEBUG Engine               - fontMono: lucida_console.ttf
21:58:37.378 [FXGL Background Thread 3 ] DEBUG Engine               - fontText: Courier-Prime.ttf
21:58:37.378 [FXGL Background Thread 3 ] DEBUG Engine               - fontUI: VarelaRound-Regular.ttf
21:58:37.378 [FXGL Background Thread 3 ] DEBUG Engine               - fullScreen: BooleanProperty [value: false]
21:58:37.378 [FXGL Background Thread 3 ] DEBUG Engine               - gameDifficulty: MEDIUM
21:58:37.379 [FXGL Background Thread 3 ] DEBUG Engine               - gameDifficultyProperty: ObjectProperty [value: MEDIUM]
21:58:37.379 [FXGL Background Thread 3 ] DEBUG Engine               - globalMusicVolume: 0.5
21:58:37.379 [FXGL Background Thread 3 ] DEBUG Engine               - globalMusicVolumeProperty: DoubleProperty [value: 0.5]
21:58:37.379 [FXGL Background Thread 3 ] DEBUG Engine               - globalSoundVolume: 0.5
21:58:37.379 [FXGL Background Thread 3 ] DEBUG Engine               - globalSoundVolumeProperty: DoubleProperty [value: 0.5]
21:58:37.379 [FXGL Background Thread 3 ] DEBUG Engine               - height: 720
21:58:37.380 [FXGL Background Thread 3 ] DEBUG Engine               - isAndroid: false
21:58:37.380 [FXGL Background Thread 3 ] DEBUG Engine               - isBrowser: false
21:58:37.380 [FXGL Background Thread 3 ] DEBUG Engine               - isClickFeedbackEnabled: false
21:58:37.380 [FXGL Background Thread 3 ] DEBUG Engine               - isCloseConfirmation: false
21:58:37.380 [FXGL Background Thread 3 ] DEBUG Engine               - isDesktop: true
21:58:37.380 [FXGL Background Thread 3 ] DEBUG Engine               - isDeveloperMenuEnabled: false
21:58:37.380 [FXGL Background Thread 3 ] DEBUG Engine               - isEntityPreloadEnabled: true
21:58:37.380 [FXGL Background Thread 3 ] DEBUG Engine               - isExperimental3D: false
21:58:37.380 [FXGL Background Thread 3 ] DEBUG Engine               - isExperimentalNative: false
21:58:37.380 [FXGL Background Thread 3 ] DEBUG Engine               - isExperimentalTiledLargeMap: false
21:58:37.380 [FXGL Background Thread 3 ] DEBUG Engine               - isFileSystemWriteAllowed: true
21:58:37.381 [FXGL Background Thread 3 ] DEBUG Engine               - isFullScreenAllowed: false
21:58:37.381 [FXGL Background Thread 3 ] DEBUG Engine               - isFullScreenFromStart: false
21:58:37.381 [FXGL Background Thread 3 ] DEBUG Engine               - isGameMenuEnabled: true
21:58:37.381 [FXGL Background Thread 3 ] DEBUG Engine               - isIOS: false
21:58:37.381 [FXGL Background Thread 3 ] DEBUG Engine               - isIntroEnabled: false
21:58:37.381 [FXGL Background Thread 3 ] DEBUG Engine               - isLinux: false
21:58:37.381 [FXGL Background Thread 3 ] DEBUG Engine               - isMac: false
21:58:37.381 [FXGL Background Thread 3 ] DEBUG Engine               - isMainMenuEnabled: false
21:58:37.382 [FXGL Background Thread 3 ] DEBUG Engine               - isManualResizeEnabled: false
21:58:37.382 [FXGL Background Thread 3 ] DEBUG Engine               - isMobile: false
21:58:37.382 [FXGL Background Thread 3 ] DEBUG Engine               - isPreserveResizeRatio: false
21:58:37.382 [FXGL Background Thread 3 ] DEBUG Engine               - isProfilingEnabled: false
21:58:37.382 [FXGL Background Thread 3 ] DEBUG Engine               - isScaleAffectedOnResize: true
21:58:37.382 [FXGL Background Thread 3 ] DEBUG Engine               - isSingleStep: false
21:58:37.382 [FXGL Background Thread 3 ] DEBUG Engine               - isUserProfileEnabled: false
21:58:37.382 [FXGL Background Thread 3 ] DEBUG Engine               - isWindows: true
21:58:37.382 [FXGL Background Thread 3 ] DEBUG Engine               - language: ObjectProperty [value: ENGLISH]
21:58:37.382 [FXGL Background Thread 3 ] DEBUG Engine               - menuKey: ESCAPE
21:58:37.383 [FXGL Background Thread 3 ] DEBUG Engine               - notificationViewClass: class com.almasb.fxgl.notification.view.XboxNotificationView
21:58:37.383 [FXGL Background Thread 3 ] DEBUG Engine               - pixelsPerMeter: 50.0
21:58:37.383 [FXGL Background Thread 3 ] DEBUG Engine               - platform: WINDOWS
21:58:37.383 [FXGL Background Thread 3 ] DEBUG Engine               - prefHeightProperty: ReadOnlyDoubleProperty [value: 720.0]
21:58:37.383 [FXGL Background Thread 3 ] DEBUG Engine               - prefWidthProperty: ReadOnlyDoubleProperty [value: 1280.0]
21:58:37.383 [FXGL Background Thread 3 ] DEBUG Engine               - profileDir: profiles/
21:58:37.383 [FXGL Background Thread 3 ] DEBUG Engine               - profileName: StringProperty [value: DEFAULT]
21:58:37.383 [FXGL Background Thread 3 ] DEBUG Engine               - randomSeed: -1
21:58:37.383 [FXGL Background Thread 3 ] DEBUG Engine               - runtimeInfo: RuntimeInfo(platform=WINDOWS, version=11.14, build=01.03.2021 16.59)
21:58:37.384 [FXGL Background Thread 3 ] DEBUG Engine               - saveFileExt: sav
21:58:37.384 [FXGL Background Thread 3 ] DEBUG Engine               - scaledHeightProp$fxgl: DoubleProperty [bound, value: 720.0]
21:58:37.384 [FXGL Background Thread 3 ] DEBUG Engine               - scaledWidthProp$fxgl: DoubleProperty [bound, value: 1280.0]
21:58:37.384 [FXGL Background Thread 3 ] DEBUG Engine               - sceneFactory: com.almasb.fxgl.app.scene.SceneFactory@6f411129
21:58:37.384 [FXGL Background Thread 3 ] DEBUG Engine               - secondsIn24h: 60
21:58:37.384 [FXGL Background Thread 3 ] DEBUG Engine               - soundMenuBack: menu/back.wav
21:58:37.384 [FXGL Background Thread 3 ] DEBUG Engine               - soundMenuPress: menu/press.wav
21:58:37.384 [FXGL Background Thread 3 ] DEBUG Engine               - soundMenuSelect: menu/select.wav
21:58:37.384 [FXGL Background Thread 3 ] DEBUG Engine               - soundNotification: core/notification.wav
21:58:37.384 [FXGL Background Thread 3 ] DEBUG Engine               - stageStyle: DECORATED
21:58:37.385 [FXGL Background Thread 3 ] DEBUG Engine               - supportedLanguages: [ENGLISH, FRENCH, GERMAN, HUNGARIAN, RUSSIAN]
21:58:37.385 [FXGL Background Thread 3 ] DEBUG Engine               - ticksPerSecond: -1
21:58:37.385 [FXGL Background Thread 3 ] DEBUG Engine               - title: Basic Game App
21:58:37.385 [FXGL Background Thread 3 ] DEBUG Engine               - urlGithub: https://github.com/AlmasB/FXGL
21:58:37.385 [FXGL Background Thread 3 ] DEBUG Engine               - urlLeaderboard: http://fxgl-top.herokuapp.com/
21:58:37.385 [FXGL Background Thread 3 ] DEBUG Engine               - urlPOM: https://raw.githubusercontent.com/AlmasB/FXGL/release/README.md
21:58:37.385 [FXGL Background Thread 3 ] DEBUG Engine               - userAppClass: class Game
21:58:37.385 [FXGL Background Thread 3 ] DEBUG Engine               - version: 0.1
21:58:37.385 [FXGL Background Thread 3 ] DEBUG Engine               - versionCheckDays: 7
21:58:37.386 [FXGL Background Thread 3 ] DEBUG Engine               - width: 1280
21:58:37.386 [FXGL Background Thread 3 ] DEBUG Engine               - Logging services
21:58:37.386 [FXGL Background Thread 3 ] DEBUG Engine               - class com.almasb.fxgl.app.services.FXGLAssetLoaderService
21:58:37.386 [FXGL Background Thread 3 ] DEBUG Engine               - class com.almasb.fxgl.app.FXGLApplication$GameApplicationService
21:58:37.386 [FXGL Background Thread 3 ] DEBUG Engine               - class com.almasb.fxgl.app.services.FXGLDialogService
21:58:37.386 [FXGL Background Thread 3 ] DEBUG Engine               - class com.almasb.fxgl.app.services.IOTaskExecutorService
21:58:37.386 [FXGL Background Thread 3 ] DEBUG Engine               - class com.almasb.fxgl.event.EventBusService
21:58:37.386 [FXGL Background Thread 3 ] DEBUG Engine               - class com.almasb.fxgl.io.FileSystemService
21:58:37.387 [FXGL Background Thread 3 ] DEBUG Engine               - class com.almasb.fxgl.localization.LocalizationService
21:58:37.387 [FXGL Background Thread 3 ] DEBUG Engine               - class com.almasb.fxgl.app.services.SystemBundleService
21:58:37.387 [FXGL Background Thread 3 ] DEBUG Engine               - class com.almasb.fxgl.profile.SaveLoadService
21:58:37.387 [FXGL Background Thread 3 ] DEBUG Engine               - class com.almasb.fxgl.ui.FXGLUIFactoryServiceProvider
21:58:37.387 [FXGL Background Thread 3 ] DEBUG Engine               - class com.almasb.fxgl.ui.FXGLDialogFactoryServiceProvider
21:58:37.387 [FXGL Background Thread 3 ] DEBUG Engine               - class com.almasb.fxgl.audio.AudioPlayer
21:58:37.387 [FXGL Background Thread 3 ] DEBUG Engine               - class com.almasb.fxgl.notification.impl.NotificationServiceProvider
21:58:37.387 [FXGL Background Thread 3 ] DEBUG Engine               - class com.almasb.fxgl.achievement.AchievementService
21:58:37.387 [FXGL Background Thread 3 ] DEBUG Engine               - class com.almasb.fxgl.cutscene.CutsceneService
21:58:37.387 [FXGL Background Thread 3 ] DEBUG Engine               - class com.almasb.fxgl.minigames.MiniGameService
21:58:37.387 [FXGL Background Thread 3 ] DEBUG Engine               - class com.almasb.fxgl.net.NetService
21:58:37.388 [FXGL Background Thread 3 ] DEBUG Engine               - class com.almasb.fxgl.app.services.UpdaterService
21:58:37.388 [FXGL Background Thread 3 ] DEBUG Engine               - class com.almasb.fxgl.dev.DevService
21:58:40.336 [JavaFX Application Thread] DEBUG FXGLApplication      - Exiting FXGL
21:58:40.336 [JavaFX Application Thread] DEBUG LoopRunner           - Stopping loop
21:58:40.337 [JavaFX Application Thread] DEBUG SystemBundleService  - Saving FXGL system data
21:58:40.338 [JavaFX Application Thread] DEBUG FileSystemAccess     - Writing to: E:\java\Sophia\system\fxgl.bundle
21:58:40.339 [JavaFX Application Thread] DEBUG Async                - Shutting down background threads
21:58:40.339 [JavaFX Application Thread] DEBUG PrimaryStageWindow   - Closing main window
21:58:40.349 [JavaFX Application Thread] DEBUG Logger               - Closing Logger
