21:57:35.588 [main                     ] DEBUG Logger               - Configured Logger
21:57:35.600 [main                     ] DEBUG GameApplication      - Logging settings
Title: Basic Game App
Version: 0.1
Width: 1280
Height: 720
Fullscreen: false
Intro: false
Profiling: false
Single step:false
App Mode: DEVELOPER
Menu Key: ESCAPE
Stage Style: DECORATED
Scene Factory: class com.almasb.fxgl.app.scene.SceneFactory

21:57:36.129 [JavaFX Application Thread] DEBUG FXGLApplication      - Initializing FXGL
21:57:36.130 [JavaFX Application Thread] INFO  Engine               - FXGL-11.14 (01.03.2021 16.59) on WINDOWS (J:15.0.2 FX:15)
21:57:36.131 [JavaFX Application Thread] DEBUG Engine               - JRE Vendor Name: Oracle Corporation
21:57:36.131 [JavaFX Application Thread] DEBUG Engine               - Running on OS: Windows 10 version 10.0
21:57:36.131 [JavaFX Application Thread] DEBUG Engine               - Architecture: amd64
21:57:36.131 [JavaFX Application Thread] INFO  Engine               - Source code and latest versions at: https://github.com/AlmasB/FXGL
21:57:36.131 [JavaFX Application Thread] INFO  Engine               -              Join the FXGL chat at: https://gitter.im/AlmasB/FXGL
21:57:36.250 [JavaFX Application Thread] DEBUG PrimaryStageWindow   - Creating a JavaFX scene
21:57:36.318 [JavaFX Application Thread] DEBUG PrimaryStageWindow   - Target settings size: 1280.0 x 720.0
21:57:36.318 [JavaFX Application Thread] DEBUG PrimaryStageWindow   - Scaled scene size:    1280.0 x 720.0
21:57:36.319 [JavaFX Application Thread] DEBUG PrimaryStageWindow   - Scaled ratio: (1.0, 1.0)
21:57:36.319 [JavaFX Application Thread] DEBUG PrimaryStageWindow   - Set initial scene to FXGLStartupScene
21:57:36.328 [JavaFX Application Thread] DEBUG PrimaryStageWindow   - Opening main window
21:57:36.438 [JavaFX Application Thread] DEBUG PrimaryStageWindow   - Window border size: (16.0, 39.0)
21:57:36.439 [JavaFX Application Thread] DEBUG PrimaryStageWindow   - Scaled size: 1280.0 x 720.0
21:57:36.439 [JavaFX Application Thread] DEBUG PrimaryStageWindow   - Scaled ratio: (1.0, 1.0)
21:57:36.439 [JavaFX Application Thread] DEBUG PrimaryStageWindow   - Scene size: 1280.0 x 720.0
21:57:36.439 [JavaFX Application Thread] DEBUG PrimaryStageWindow   - Stage size: 1296.0 x 759.0
21:57:36.454 [FXGL Background Thread 1 ] DEBUG Engine               - Initializing environment variables
21:57:36.486 [FXGL Background Thread 1 ] DEBUG FXGLAssetLoaderServi - User app class for loading assets: class Game
21:57:36.487 [FXGL Background Thread 1 ] DEBUG GameApplicationServi - Applying CSS: fxgl_dark.css
21:57:36.488 [FXGL Background Thread 1 ] DEBUG FXGLAssetLoaderServi - Loading from file system: jar:file:/C:/Users/Dino/.m2/repository/com/github/almasb/fxgl/11.14/fxgl-11.14.jar!/fxglassets/ui/css/fxgl_dark.css
21:57:36.526 [FXGL Background Thread 1 ] DEBUG GameApplicationServi - Initializing application scenes
21:57:36.567 [FXGL Background Thread 1 ] DEBUG GameWorld            - Game world initialized
21:57:36.617 [FXGL Background Thread 1 ] DEBUG PhysicsWorld         - Physics world initialized: appHeight=720, physics.ppm=50,0
21:57:36.617 [FXGL Background Thread 1 ] DEBUG PhysicsWorld         - Using strategy: BRUTE_FORCE
21:57:36.619 [FXGL Background Thread 1 ] DEBUG GameScene            - Game scene initialized: 1280x720
21:57:36.645 [FXGL Background Thread 1 ] DEBUG FXGLAssetLoaderServi - Loading from file system: jar:file:/C:/Users/Dino/.m2/repository/com/github/almasb/fxgl/11.14/fxgl-11.14.jar!/fxglassets/textures/particles/trace_horizontal.png
21:57:36.686 [FXGL Background Thread 1 ] DEBUG FXGL.DefaultMenu     - createMenuBodyGameMenu()
21:57:36.698 [FXGL Background Thread 1 ] DEBUG FXGL.DefaultMenu     - createOptionsMenu()
21:57:36.702 [FXGL Background Thread 1 ] DEBUG FXGLAssetLoaderServi - Loading from file system: jar:file:/C:/Users/Dino/.m2/repository/com/github/almasb/fxgl/11.14/fxgl-11.14.jar!/fxglassets/textures/particles/smoke.png
21:57:36.746 [FXGL Background Thread 1 ] DEBUG GameApplicationServi - Application scenes initialized
21:57:36.755 [FXGL Background Thread 1 ] DEBUG SystemBundleService  - Loading FXGL system data
21:57:36.759 [FXGL Background Thread 1 ] DEBUG FileSystemAccess     - Reading from: E:\java\Sophia\system\fxgl.bundle
21:57:36.764 [FXGL Background Thread 1 ] DEBUG SystemBundleService  - Bundle FXGL: {}
21:57:36.764 [FXGL Background Thread 1 ] DEBUG UpdaterService       - Checking for updates
21:57:36.768 [FXGL Background Thread 1 ] DEBUG FXGLApplication      - Loading default localization
21:57:36.769 [FXGL Background Thread 1 ] DEBUG FXGLAssetLoaderServi - Loading from file system: jar:file:/C:/Users/Dino/.m2/repository/com/github/almasb/fxgl/11.14/fxgl-11.14.jar!/fxglassets/languages/english.lang
21:57:36.782 [FXGL Background Thread 4 ] DEBUG FXGLApplication      - Loading fonts
21:57:36.783 [FXGL Background Thread 4 ] DEBUG FXGLAssetLoaderServi - Loading from file system: jar:file:/C:/Users/Dino/.m2/repository/com/github/almasb/fxgl/11.14/fxgl-11.14.jar!/fxglassets/ui/fonts/VarelaRound-Regular.ttf
21:57:36.784 [FXGL Background Thread 1 ] INFO  FXGLApplication      - FXGL initialization took: 0,330 sec
21:57:36.793 [JavaFX Application Thread] DEBUG Input                - Registered new binding: action0 - D
21:57:36.794 [JavaFX Application Thread] DEBUG Input                - Registered new binding: action1 - A
21:57:36.794 [JavaFX Application Thread] DEBUG Input                - Registered new binding: action2 - W
21:57:36.795 [JavaFX Application Thread] DEBUG Input                - Registered new binding: action3 - S
21:57:36.795 [JavaFX Application Thread] DEBUG FXGLAssetLoaderServi - Loading from file system: jar:file:/C:/Users/Dino/.m2/repository/com/github/almasb/fxgl/11.14/fxgl-11.14.jar!/fxglassets/textures/fxgl_icon.png
21:57:36.813 [JavaFX Application Thread] DEBUG FXGLAssetLoaderServi - Loading from file system: jar:file:/C:/Users/Dino/.m2/repository/com/github/almasb/fxgl/11.14/fxgl-11.14.jar!/fxglassets/ui/cursors/fxgl_default.png
21:57:36.815 [JavaFX Application Thread] DEBUG Input                - Registered new binding: Screenshot - P
21:57:36.816 [JavaFX Application Thread] DEBUG Input                - Registered new binding: System info dump - CTRL+9
21:57:36.816 [JavaFX Application Thread] DEBUG Input                - Registered new binding: Restart - CTRL+R
21:57:36.817 [JavaFX Application Thread] DEBUG Input                - Registered new binding: Toggle Debug Camera - CTRL+C
21:57:36.818 [JavaFX Application Thread] DEBUG LoopRunner           - Starting loop
21:57:36.819 [JavaFX Application Thread] DEBUG LoopRunner           - Initializing JavaFX AnimationTimerLoop
21:57:36.820 [JavaFX Application Thread] DEBUG GameApplicationServi - Starting new game
21:57:36.820 [JavaFX Application Thread] DEBUG Input                - Clearing active input actions
21:57:36.829 [JavaFX Application Thread] DEBUG GameApplicationServi - Removing overlay from FXGLStartupScene and adding to FXGLLoadingScene
21:57:36.829 [JavaFX Application Thread] DEBUG PrimaryStageWindow   - FXGLStartupScene -> FXGLLoadingScene
21:57:36.829 [JavaFX Application Thread] DEBUG GameApplicationServi - Clearing previous game
21:57:36.829 [JavaFX Application Thread] DEBUG GameScene            - Clearing game scene
21:57:36.829 [JavaFX Application Thread] DEBUG GameWorld            - Clearing game world
21:57:36.830 [JavaFX Application Thread] DEBUG PhysicsWorld         - Clearing physics world
21:57:36.835 [FXGL Background Thread 1 ] DEBUG FXGLApplication      - Initializing game
21:57:36.837 [FXGL Background Thread 1 ] DEBUG FXGLAssetLoaderServi - Loading from file system: file:/E:/java/Sophia/target/classes/assets/textures/tree.png
21:57:36.849 [FXGL Background Thread 1 ] DEBUG FXGLAssetLoaderServi - Loading from file system: file:/E:/java/Sophia/target/classes/assets/textures/forest1.png
21:57:36.861 [FXGL Background Thread 1 ] DEBUG FXGLAssetLoaderServi - Loading from file system: file:/E:/java/Sophia/target/classes/assets/textures/forest.png
21:57:36.905 [FXGL Background Thread 1 ] DEBUG FXGLAssetLoaderServi - Loading from file system: file:/E:/java/Sophia/target/classes/assets/textures/grassfield.png
21:57:36.935 [FXGL Background Thread 1 ] INFO  FXGLApplication      - Game initialization took: 0,100 sec
21:57:36.959 [JavaFX Application Thread] DEBUG Input                - Clearing active input actions
21:57:36.966 [JavaFX Application Thread] DEBUG GameApplicationServi - Removing overlay from FXGLLoadingScene and adding to GameScene
21:57:36.967 [JavaFX Application Thread] DEBUG PrimaryStageWindow   - FXGLLoadingScene -> GameScene
21:57:37.045 [FXGL Background Thread 4 ] DEBUG FXGLAssetLoaderServi - Loading from file system: jar:file:/C:/Users/Dino/.m2/repository/com/github/almasb/fxgl/11.14/fxgl-11.14.jar!/fxglassets/ui/fonts/Abel-Regular.ttf
21:57:37.047 [FXGL Background Thread 4 ] DEBUG FXGLAssetLoaderServi - Loading from file system: jar:file:/C:/Users/Dino/.m2/repository/com/github/almasb/fxgl/11.14/fxgl-11.14.jar!/fxglassets/ui/fonts/lucida_console.ttf
21:57:37.051 [FXGL Background Thread 4 ] DEBUG FXGLAssetLoaderServi - Loading from file system: jar:file:/C:/Users/Dino/.m2/repository/com/github/almasb/fxgl/11.14/fxgl-11.14.jar!/fxglassets/ui/fonts/Courier-Prime.ttf
21:57:37.055 [JavaFX Application Thread] DEBUG FXGLApplication      - Registering font factories with UI factory
21:57:37.197 [FXGL Background Thread 2 ] INFO  UpdaterService       - Your current version:  11.14
21:57:37.197 [FXGL Background Thread 2 ] INFO  UpdaterService       - Latest stable version: 17.1
21:57:39.767 [FXGL Background Thread 3 ] DEBUG Engine               - Logging environment variables
21:57:39.767 [FXGL Background Thread 3 ] DEBUG Engine               - achievements: []
21:57:39.767 [FXGL Background Thread 3 ] DEBUG Engine               - actualHeight: 720.0
21:57:39.767 [FXGL Background Thread 3 ] DEBUG Engine               - actualHeightProperty: ReadOnlyDoubleProperty [value: 720.0]
21:57:39.768 [FXGL Background Thread 3 ] DEBUG Engine               - actualWidth: 1280.0
21:57:39.768 [FXGL Background Thread 3 ] DEBUG Engine               - actualWidthProperty: ReadOnlyDoubleProperty [value: 1280.0]
21:57:39.768 [FXGL Background Thread 3 ] DEBUG Engine               - appIcon: fxgl_icon.png
21:57:39.768 [FXGL Background Thread 3 ] DEBUG Engine               - applicationMode: DEVELOPER
21:57:39.768 [FXGL Background Thread 3 ] DEBUG Engine               - cSSList: [fxgl_dark.css]
21:57:39.768 [FXGL Background Thread 3 ] DEBUG Engine               - collisionDetectionStrategy: BRUTE_FORCE
21:57:39.768 [FXGL Background Thread 3 ] DEBUG Engine               - configClass: Optional.empty
21:57:39.768 [FXGL Background Thread 3 ] DEBUG Engine               - credits: []
21:57:39.768 [FXGL Background Thread 3 ] DEBUG Engine               - devBBoxColorProperty: ObjectProperty [value: 0xff0000ff]
21:57:39.769 [FXGL Background Thread 3 ] DEBUG Engine               - devEnableDebugCameraProperty: BooleanProperty [value: false]
21:57:39.769 [FXGL Background Thread 3 ] DEBUG Engine               - devSensorColorProperty: ObjectProperty [value: 0xffff00ff]
21:57:39.769 [FXGL Background Thread 3 ] DEBUG Engine               - devShowBBoxProperty: BooleanProperty [value: false]
21:57:39.769 [FXGL Background Thread 3 ] DEBUG Engine               - devShowPositionProperty: BooleanProperty [value: false]
21:57:39.769 [FXGL Background Thread 3 ] DEBUG Engine               - enabledMenuItems: []
21:57:39.769 [FXGL Background Thread 3 ] DEBUG Engine               - engineServices: [class com.almasb.fxgl.app.services.FXGLAssetLoaderService, class com.almasb.fxgl.app.FXGLApplication$GameApplicationService, class com.almasb.fxgl.app.services.FXGLDialogService, class com.almasb.fxgl.app.services.IOTaskExecutorService, class com.almasb.fxgl.event.EventBusService, class com.almasb.fxgl.io.FileSystemService, class com.almasb.fxgl.localization.LocalizationService, class com.almasb.fxgl.app.services.SystemBundleService, class com.almasb.fxgl.profile.SaveLoadService, class com.almasb.fxgl.ui.FXGLUIFactoryServiceProvider, class com.almasb.fxgl.ui.FXGLDialogFactoryServiceProvider, class com.almasb.fxgl.audio.AudioPlayer, class com.almasb.fxgl.notification.impl.NotificationServiceProvider, class com.almasb.fxgl.achievement.AchievementService, class com.almasb.fxgl.cutscene.CutsceneService, class com.almasb.fxgl.minigames.MiniGameService, class com.almasb.fxgl.net.NetService, class com.almasb.fxgl.app.services.UpdaterService, class com.almasb.fxgl.dev.DevService]
21:57:39.770 [FXGL Background Thread 3 ] DEBUG Engine               - fontGame: Abel-Regular.ttf
21:57:39.770 [FXGL Background Thread 3 ] DEBUG Engine               - fontMono: lucida_console.ttf
21:57:39.770 [FXGL Background Thread 3 ] DEBUG Engine               - fontText: Courier-Prime.ttf
21:57:39.770 [FXGL Background Thread 3 ] DEBUG Engine               - fontUI: VarelaRound-Regular.ttf
21:57:39.770 [FXGL Background Thread 3 ] DEBUG Engine               - fullScreen: BooleanProperty [value: false]
21:57:39.770 [FXGL Background Thread 3 ] DEBUG Engine               - gameDifficulty: MEDIUM
21:57:39.770 [FXGL Background Thread 3 ] DEBUG Engine               - gameDifficultyProperty: ObjectProperty [value: MEDIUM]
21:57:39.770 [FXGL Background Thread 3 ] DEBUG Engine               - globalMusicVolume: 0.5
21:57:39.771 [FXGL Background Thread 3 ] DEBUG Engine               - globalMusicVolumeProperty: DoubleProperty [value: 0.5]
21:57:39.771 [FXGL Background Thread 3 ] DEBUG Engine               - globalSoundVolume: 0.5
21:57:39.771 [FXGL Background Thread 3 ] DEBUG Engine               - globalSoundVolumeProperty: DoubleProperty [value: 0.5]
21:57:39.771 [FXGL Background Thread 3 ] DEBUG Engine               - height: 720
21:57:39.771 [FXGL Background Thread 3 ] DEBUG Engine               - isAndroid: false
21:57:39.771 [FXGL Background Thread 3 ] DEBUG Engine               - isBrowser: false
21:57:39.771 [FXGL Background Thread 3 ] DEBUG Engine               - isClickFeedbackEnabled: false
21:57:39.771 [FXGL Background Thread 3 ] DEBUG Engine               - isCloseConfirmation: false
21:57:39.771 [FXGL Background Thread 3 ] DEBUG Engine               - isDesktop: true
21:57:39.772 [FXGL Background Thread 3 ] DEBUG Engine               - isDeveloperMenuEnabled: false
21:57:39.772 [FXGL Background Thread 3 ] DEBUG Engine               - isEntityPreloadEnabled: true
21:57:39.772 [FXGL Background Thread 3 ] DEBUG Engine               - isExperimental3D: false
21:57:39.772 [FXGL Background Thread 3 ] DEBUG Engine               - isExperimentalNative: false
21:57:39.772 [FXGL Background Thread 3 ] DEBUG Engine               - isExperimentalTiledLargeMap: false
21:57:39.772 [FXGL Background Thread 3 ] DEBUG Engine               - isFileSystemWriteAllowed: true
21:57:39.772 [FXGL Background Thread 3 ] DEBUG Engine               - isFullScreenAllowed: false
21:57:39.772 [FXGL Background Thread 3 ] DEBUG Engine               - isFullScreenFromStart: false
21:57:39.773 [FXGL Background Thread 3 ] DEBUG Engine               - isGameMenuEnabled: true
21:57:39.773 [FXGL Background Thread 3 ] DEBUG Engine               - isIOS: false
21:57:39.773 [FXGL Background Thread 3 ] DEBUG Engine               - isIntroEnabled: false
21:57:39.773 [FXGL Background Thread 3 ] DEBUG Engine               - isLinux: false
21:57:39.773 [FXGL Background Thread 3 ] DEBUG Engine               - isMac: false
21:57:39.773 [FXGL Background Thread 3 ] DEBUG Engine               - isMainMenuEnabled: false
21:57:39.773 [FXGL Background Thread 3 ] DEBUG Engine               - isManualResizeEnabled: false
21:57:39.773 [FXGL Background Thread 3 ] DEBUG Engine               - isMobile: false
21:57:39.774 [FXGL Background Thread 3 ] DEBUG Engine               - isPreserveResizeRatio: false
21:57:39.774 [FXGL Background Thread 3 ] DEBUG Engine               - isProfilingEnabled: false
21:57:39.774 [FXGL Background Thread 3 ] DEBUG Engine               - isScaleAffectedOnResize: true
21:57:39.774 [FXGL Background Thread 3 ] DEBUG Engine               - isSingleStep: false
21:57:39.774 [FXGL Background Thread 3 ] DEBUG Engine               - isUserProfileEnabled: false
21:57:39.774 [FXGL Background Thread 3 ] DEBUG Engine               - isWindows: true
21:57:39.774 [FXGL Background Thread 3 ] DEBUG Engine               - language: ObjectProperty [value: ENGLISH]
21:57:39.775 [FXGL Background Thread 3 ] DEBUG Engine               - menuKey: ESCAPE
21:57:39.775 [FXGL Background Thread 3 ] DEBUG Engine               - notificationViewClass: class com.almasb.fxgl.notification.view.XboxNotificationView
21:57:39.775 [FXGL Background Thread 3 ] DEBUG Engine               - pixelsPerMeter: 50.0
21:57:39.775 [FXGL Background Thread 3 ] DEBUG Engine               - platform: WINDOWS
21:57:39.775 [FXGL Background Thread 3 ] DEBUG Engine               - prefHeightProperty: ReadOnlyDoubleProperty [value: 720.0]
21:57:39.775 [FXGL Background Thread 3 ] DEBUG Engine               - prefWidthProperty: ReadOnlyDoubleProperty [value: 1280.0]
21:57:39.775 [FXGL Background Thread 3 ] DEBUG Engine               - profileDir: profiles/
21:57:39.775 [FXGL Background Thread 3 ] DEBUG Engine               - profileName: StringProperty [value: DEFAULT]
21:57:39.775 [FXGL Background Thread 3 ] DEBUG Engine               - randomSeed: -1
21:57:39.775 [FXGL Background Thread 3 ] DEBUG Engine               - runtimeInfo: RuntimeInfo(platform=WINDOWS, version=11.14, build=01.03.2021 16.59)
21:57:39.775 [FXGL Background Thread 3 ] DEBUG Engine               - saveFileExt: sav
21:57:39.776 [FXGL Background Thread 3 ] DEBUG Engine               - scaledHeightProp$fxgl: DoubleProperty [bound, value: 720.0]
21:57:39.776 [FXGL Background Thread 3 ] DEBUG Engine               - scaledWidthProp$fxgl: DoubleProperty [bound, value: 1280.0]
21:57:39.776 [FXGL Background Thread 3 ] DEBUG Engine               - sceneFactory: com.almasb.fxgl.app.scene.SceneFactory@5313040
21:57:39.776 [FXGL Background Thread 3 ] DEBUG Engine               - secondsIn24h: 60
21:57:39.776 [FXGL Background Thread 3 ] DEBUG Engine               - soundMenuBack: menu/back.wav
21:57:39.776 [FXGL Background Thread 3 ] DEBUG Engine               - soundMenuPress: menu/press.wav
21:57:39.776 [FXGL Background Thread 3 ] DEBUG Engine               - soundMenuSelect: menu/select.wav
21:57:39.777 [FXGL Background Thread 3 ] DEBUG Engine               - soundNotification: core/notification.wav
21:57:39.777 [FXGL Background Thread 3 ] DEBUG Engine               - stageStyle: DECORATED
21:57:39.777 [FXGL Background Thread 3 ] DEBUG Engine               - supportedLanguages: [ENGLISH, FRENCH, GERMAN, HUNGARIAN, RUSSIAN]
21:57:39.777 [FXGL Background Thread 3 ] DEBUG Engine               - ticksPerSecond: -1
21:57:39.777 [FXGL Background Thread 3 ] DEBUG Engine               - title: Basic Game App
21:57:39.777 [FXGL Background Thread 3 ] DEBUG Engine               - urlGithub: https://github.com/AlmasB/FXGL
21:57:39.777 [FXGL Background Thread 3 ] DEBUG Engine               - urlLeaderboard: http://fxgl-top.herokuapp.com/
21:57:39.777 [FXGL Background Thread 3 ] DEBUG Engine               - urlPOM: https://raw.githubusercontent.com/AlmasB/FXGL/release/README.md
21:57:39.778 [FXGL Background Thread 3 ] DEBUG Engine               - userAppClass: class Game
21:57:39.778 [FXGL Background Thread 3 ] DEBUG Engine               - version: 0.1
21:57:39.778 [FXGL Background Thread 3 ] DEBUG Engine               - versionCheckDays: 7
21:57:39.778 [FXGL Background Thread 3 ] DEBUG Engine               - width: 1280
21:57:39.778 [FXGL Background Thread 3 ] DEBUG Engine               - Logging services
21:57:39.778 [FXGL Background Thread 3 ] DEBUG Engine               - class com.almasb.fxgl.app.services.FXGLAssetLoaderService
21:57:39.779 [FXGL Background Thread 3 ] DEBUG Engine               - class com.almasb.fxgl.app.FXGLApplication$GameApplicationService
21:57:39.779 [FXGL Background Thread 3 ] DEBUG Engine               - class com.almasb.fxgl.app.services.FXGLDialogService
21:57:39.779 [FXGL Background Thread 3 ] DEBUG Engine               - class com.almasb.fxgl.app.services.IOTaskExecutorService
21:57:39.779 [FXGL Background Thread 3 ] DEBUG Engine               - class com.almasb.fxgl.event.EventBusService
21:57:39.779 [FXGL Background Thread 3 ] DEBUG Engine               - class com.almasb.fxgl.io.FileSystemService
21:57:39.779 [FXGL Background Thread 3 ] DEBUG Engine               - class com.almasb.fxgl.localization.LocalizationService
21:57:39.779 [FXGL Background Thread 3 ] DEBUG Engine               - class com.almasb.fxgl.app.services.SystemBundleService
21:57:39.779 [FXGL Background Thread 3 ] DEBUG Engine               - class com.almasb.fxgl.profile.SaveLoadService
21:57:39.779 [FXGL Background Thread 3 ] DEBUG Engine               - class com.almasb.fxgl.ui.FXGLUIFactoryServiceProvider
21:57:39.779 [FXGL Background Thread 3 ] DEBUG Engine               - class com.almasb.fxgl.ui.FXGLDialogFactoryServiceProvider
21:57:39.779 [FXGL Background Thread 3 ] DEBUG Engine               - class com.almasb.fxgl.audio.AudioPlayer
21:57:39.780 [FXGL Background Thread 3 ] DEBUG Engine               - class com.almasb.fxgl.notification.impl.NotificationServiceProvider
21:57:39.780 [FXGL Background Thread 3 ] DEBUG Engine               - class com.almasb.fxgl.achievement.AchievementService
21:57:39.780 [FXGL Background Thread 3 ] DEBUG Engine               - class com.almasb.fxgl.cutscene.CutsceneService
21:57:39.780 [FXGL Background Thread 3 ] DEBUG Engine               - class com.almasb.fxgl.minigames.MiniGameService
21:57:39.780 [FXGL Background Thread 3 ] DEBUG Engine               - class com.almasb.fxgl.net.NetService
21:57:39.780 [FXGL Background Thread 3 ] DEBUG Engine               - class com.almasb.fxgl.app.services.UpdaterService
21:57:39.780 [FXGL Background Thread 3 ] DEBUG Engine               - class com.almasb.fxgl.dev.DevService
21:57:44.768 [JavaFX Application Thread] DEBUG FXGLApplication      - Exiting FXGL
21:57:44.768 [JavaFX Application Thread] DEBUG LoopRunner           - Stopping loop
21:57:44.768 [JavaFX Application Thread] DEBUG SystemBundleService  - Saving FXGL system data
21:57:44.769 [JavaFX Application Thread] DEBUG FileSystemAccess     - Writing to: E:\java\Sophia\system\fxgl.bundle
21:57:44.770 [JavaFX Application Thread] DEBUG Async                - Shutting down background threads
21:57:44.770 [JavaFX Application Thread] DEBUG PrimaryStageWindow   - Closing main window
21:57:44.781 [JavaFX Application Thread] DEBUG Logger               - Closing Logger
